[0928/145133.565:ERROR:process_info.cc(608)] range at 0xff89f000, size 0x230 fully unreadable
[0928/145133.584:ERROR:process_reader_win.cc(233)] ReadMemory at 0x74374eac of 37 bytes failed: 仅完成部分的 ReadProcessMemory 或 WriteProcessMemory 请求。 (0x12B)
[0928/145133.584:WARNING:pe_image_reader.cc(155)] could not read debug directory from C:\Windows\SYSTEM32\powrprof.dll
[0928/145133.584:ERROR:process_reader_win.cc(233)] ReadMemory at 0x76600000 of 64 bytes failed: 仅完成部分的 ReadProcessMemory 或 WriteProcessMemory 请求。 (0x12B)
[0928/145133.584:WARNING:pe_image_reader.cc(281)] could not read dos header from C:\Windows\SYSTEM32\windows.storage.dll
[0928/145133.584:ERROR:process_reader_win.cc(233)] ReadMemory at 0x74ec0000 of 64 bytes failed: 仅完成部分的 ReadProcessMemory 或 WriteProcessMemory 请求。 (0x12B)
[0928/145133.584:WARNING:pe_image_reader.cc(281)] could not read dos header from C:\Windows\SYSTEM32\SHELL32.dll
[0928/145133.584:ERROR:process_reader_win.cc(233)] ReadMemory at 0x76440000 of 64 bytes failed: 仅完成部分的 ReadProcessMemory 或 WriteProcessMemory 请求。 (0x12B)
[0928/145133.584:WARNING:pe_image_reader.cc(281)] could not read dos header from C:\Windows\SYSTEM32\cfgmgr32.dll
[0928/145133.584:ERROR:process_reader_win.cc(233)] ReadMemory at 0x73dc0000 of 64 bytes failed: 仅完成部分的 ReadProcessMemory 或 WriteProcessMemory 请求。 (0x12B)
[0928/145133.584:WARNING:pe_image_reader.cc(281)] could not read dos header from C:\Windows\SYSTEM32\DEVOBJ.dll
[0928/145133.584:ERROR:process_reader_win.cc(233)] ReadMemory at 0x73df0000 of 64 bytes failed: 仅完成部分的 ReadProcessMemory 或 WriteProcessMemory 请求。 (0x12B)
[0928/145133.585:WARNING:pe_image_reader.cc(281)] could not read dos header from C:\Windows\SYSTEM32\WINMMBASE.dll
[0928/145133.585:ERROR:process_reader_win.cc(233)] ReadMemory at 0x73e20000 of 64 bytes failed: 仅完成部分的 ReadProcessMemory 或 WriteProcessMemory 请求。 (0x12B)
[0928/145133.585:WARNING:pe_image_reader.cc(281)] could not read dos header from C:\Windows\SYSTEM32\WINMM.dll
[0928/145133.585:ERROR:process_reader_win.cc(233)] ReadMemory at 0x742a0000 of 64 bytes failed: 仅完成部分的 ReadProcessMemory 或 WriteProcessMemory 请求。 (0x12B)
[0928/145133.585:WARNING:pe_image_reader.cc(281)] could not read dos header from C:\Windows\SYSTEM32\WTSAPI32.dll
[0928/145133.585:ERROR:process_reader_win.cc(233)] ReadMemory at 0x742c0000 of 64 bytes failed: 仅完成部分的 ReadProcessMemory 或 WriteProcessMemory 请求。 (0x12B)
[0928/145133.585:WARNING:pe_image_reader.cc(281)] could not read dos header from C:\Windows\SYSTEM32\USERENV.dll
[0928/145133.585:ERROR:process_reader_win.cc(233)] ReadMemory at 0x73710000 of 64 bytes failed: 仅完成部分的 ReadProcessMemory 或 WriteProcessMemory 请求。 (0x12B)
[0928/145133.585:WARNING:pe_image_reader.cc(281)] could not read dos header from C:\Windows\SYSTEM32\WINHTTP.dll
[0928/145133.585:ERROR:process_reader_win.cc(233)] ReadMemory at 0x76d80000 of 64 bytes failed: 仅完成部分的 ReadProcessMemory 或 WriteProcessMemory 请求。 (0x12B)
[0928/145133.585:WARNING:pe_image_reader.cc(281)] could not read dos header from C:\Windows\SYSTEM32\ole32.dll
[0928/145133.585:ERROR:process_reader_win.cc(233)] ReadMemory at 0x746c0000 of 64 bytes failed: 仅完成部分的 ReadProcessMemory 或 WriteProcessMemory 请求。 (0x12B)
[0928/145133.585:WARNING:pe_image_reader.cc(281)] could not read dos header from C:\Windows\SYSTEM32\NSI.dll
[0928/145133.585:ERROR:process_reader_win.cc(233)] ReadMemory at 0x74660000 of 64 bytes failed: 仅完成部分的 ReadProcessMemory 或 WriteProcessMemory 请求。 (0x12B)
[0928/145133.585:WARNING:pe_image_reader.cc(281)] could not read dos header from C:\Windows\SYSTEM32\WS2_32.dll
[0928/145133.585:ERROR:process_reader_win.cc(233)] ReadMemory at 0x74160000 of 64 bytes failed: 仅完成部分的 ReadProcessMemory 或 WriteProcessMemory 请求。 (0x12B)
[0928/145133.585:WARNING:pe_image_reader.cc(281)] could not read dos header from C:\Windows\SYSTEM32\bcrypt.dll
[0928/145133.586:ERROR:process_reader_win.cc(233)] ReadMemory at 0x74180000 of 64 bytes failed: 仅完成部分的 ReadProcessMemory 或 WriteProcessMemory 请求。 (0x12B)
[0928/145133.586:WARNING:pe_image_reader.cc(281)] could not read dos header from C:\Windows\SYSTEM32\wkscli.dll
[0928/145133.586:ERROR:process_reader_win.cc(233)] ReadMemory at 0x740f0000 of 64 bytes failed: 仅完成部分的 ReadProcessMemory 或 WriteProcessMemory 请求。 (0x12B)
[0928/145133.586:WARNING:pe_image_reader.cc(281)] could not read dos header from C:\Windows\SYSTEM32\srvcli.dll
[0928/145133.586:ERROR:process_reader_win.cc(233)] ReadMemory at 0x74110000 of 64 bytes failed: 仅完成部分的 ReadProcessMemory 或 WriteProcessMemory 请求。 (0x12B)
[0928/145133.586:WARNING:pe_image_reader.cc(281)] could not read dos header from C:\Windows\SYSTEM32\netutils.dll
[0928/145133.586:ERROR:process_reader_win.cc(233)] ReadMemory at 0x74190000 of 64 bytes failed: 仅完成部分的 ReadProcessMemory 或 WriteProcessMemory 请求。 (0x12B)
[0928/145133.586:WARNING:pe_image_reader.cc(281)] could not read dos header from C:\Windows\SYSTEM32\NETAPI32.dll
[0928/145133.586:ERROR:process_reader_win.cc(233)] ReadMemory at 0x61a70000 of 64 bytes failed: 仅完成部分的 ReadProcessMemory 或 WriteProcessMemory 请求。 (0x12B)
[0928/145133.586:WARNING:pe_image_reader.cc(281)] could not read dos header from C:\360\360Safe\safemon\safemon.dll
[0928/145133.586:ERROR:process_reader_win.cc(233)] ReadMemory at 0x6f310000 of 64 bytes failed: 仅完成部分的 ReadProcessMemory 或 WriteProcessMemory 请求。 (0x12B)
[0928/145133.586:WARNING:pe_image_reader.cc(281)] could not read dos header from C:\360\360Safe\safemon\iNetSafe.dll
[0928/145133.586:ERROR:process_reader_win.cc(233)] ReadMemory at 0x72d50000 of 64 bytes failed: 仅完成部分的 ReadProcessMemory 或 WriteProcessMemory 请求。 (0x12B)
[0928/145133.586:WARNING:pe_image_reader.cc(281)] could not read dos header from C:\Windows\WinSxS\x86_microsoft.windows.common-controls_6595b64144ccf1df_6.0.10240.16384_none_3bccb1ff6bcd1849\COMCTL32.dll
[0928/145133.586:ERROR:process_reader_win.cc(233)] ReadMemory at 0x74550000 of 64 bytes failed: 仅完成部分的 ReadProcessMemory 或 WriteProcessMemory 请求。 (0x12B)
[0928/145133.586:WARNING:pe_image_reader.cc(281)] could not read dos header from C:\Windows\SYSTEM32\COMDLG32.dll
[0928/145133.586:ERROR:process_reader_win.cc(233)] ReadMemory at 0x72920000 of 64 bytes failed: 仅完成部分的 ReadProcessMemory 或 WriteProcessMemory 请求。 (0x12B)
[0928/145133.586:WARNING:pe_image_reader.cc(281)] could not read dos header from C:\Windows\SYSTEM32\dbghelp.dll
[0928/145133.586:ERROR:process_reader_win.cc(233)] ReadMemory at 0x727d0000 of 64 bytes failed: 仅完成部分的 ReadProcessMemory 或 WriteProcessMemory 请求。 (0x12B)
[0928/145133.586:WARNING:pe_image_reader.cc(281)] could not read dos header from C:\Windows\SYSTEM32\USP10.dll
[0928/145133.586:ERROR:process_reader_win.cc(233)] ReadMemory at 0x6fc40000 of 64 bytes failed: 仅完成部分的 ReadProcessMemory 或 WriteProcessMemory 请求。 (0x12B)
[0928/145133.586:WARNING:pe_image_reader.cc(281)] could not read dos header from C:\Windows\SYSTEM32\WINSPOOL.DRV
[0928/145133.587:ERROR:process_reader_win.cc(233)] ReadMemory at 0x74120000 of 64 bytes failed: 仅完成部分的 ReadProcessMemory 或 WriteProcessMemory 请求。 (0x12B)
[0928/145133.587:WARNING:pe_image_reader.cc(281)] could not read dos header from C:\Windows\SYSTEM32\WINNSI.DLL
[0928/145133.587:ERROR:process_reader_win.cc(233)] ReadMemory at 0x74130000 of 64 bytes failed: 仅完成部分的 ReadProcessMemory 或 WriteProcessMemory 请求。 (0x12B)
[0928/145133.587:WARNING:pe_image_reader.cc(281)] could not read dos header from C:\Windows\SYSTEM32\IPHLPAPI.DLL
[0928/145133.587:ERROR:process_reader_win.cc(233)] ReadMemory at 0x73d70000 of 64 bytes failed: 仅完成部分的 ReadProcessMemory 或 WriteProcessMemory 请求。 (0x12B)
[0928/145133.587:WARNING:pe_image_reader.cc(281)] could not read dos header from C:\Windows\SYSTEM32\Secur32.dll
[0928/145133.587:ERROR:process_reader_win.cc(233)] ReadMemory at 0x62a40000 of 64 bytes failed: 仅完成部分的 ReadProcessMemory 或 WriteProcessMemory 请求。 (0x12B)
[0928/145133.587:WARNING:pe_image_reader.cc(281)] could not read dos header from C:\Windows\SYSTEM32\DWrite.dll
[0928/145133.587:ERROR:process_reader_win.cc(233)] ReadMemory at 0x6eb70000 of 64 bytes failed: 仅完成部分的 ReadProcessMemory 或 WriteProcessMemory 请求。 (0x12B)
[0928/145133.587:WARNING:pe_image_reader.cc(281)] could not read dos header from C:\Windows\SYSTEM32\FONTSUB.dll
[0928/145133.587:ERROR:process_reader_win.cc(233)] ReadMemory at 0x74eb0000 of 64 bytes failed: 仅完成部分的 ReadProcessMemory 或 WriteProcessMemory 请求。 (0x12B)
[0928/145133.587:WARNING:pe_image_reader.cc(281)] could not read dos header from C:\Windows\SYSTEM32\MSASN1.dll
[0928/145133.587:ERROR:process_reader_win.cc(233)] ReadMemory at 0x762c0000 of 64 bytes failed: 仅完成部分的 ReadProcessMemory 或 WriteProcessMemory 请求。 (0x12B)
[0928/145133.587:WARNING:pe_image_reader.cc(281)] could not read dos header from C:\Windows\SYSTEM32\CRYPT32.dll
[0928/145133.587:ERROR:process_reader_win.cc(233)] ReadMemory at 0x76ae0000 of 64 bytes failed: 仅完成部分的 ReadProcessMemory 或 WriteProcessMemory 请求。 (0x12B)
[0928/145133.587:WARNING:pe_image_reader.cc(281)] could not read dos header from C:\Windows\SYSTEM32\WINTRUST.dll
[0928/145133.587:ERROR:process_reader_win.cc(233)] ReadMemory at 0xfd80000 of 64 bytes failed: 仅完成部分的 ReadProcessMemory 或 WriteProcessMemory 请求。 (0x12B)
[0928/145133.587:WARNING:pe_image_reader.cc(281)] could not read dos header from C:\Program Files (x86)\Google\Chrome\Application\56.0.2924.87\chrome_child.dll
[0928/145133.587:ERROR:process_reader_win.cc(233)] ReadMemory at 0x77388b80 of 5888 bytes failed: 仅完成部分的 ReadProcessMemory 或 WriteProcessMemory 请求。 (0x12B)
[0928/145133.587:ERROR:process_reader_win.cc(233)] ReadMemory at 0x40000 of 64 bytes failed: 仅完成部分的 ReadProcessMemory 或 WriteProcessMemory 请求。 (0x12B)
[0928/145133.587:WARNING:pe_image_reader.cc(281)] could not read dos header from C:\Program Files (x86)\Google\Chrome\Application\chrome.exe
[0928/145133.587:ERROR:process_reader_win.cc(233)] ReadMemory at 0x77280000 of 64 bytes failed: 仅完成部分的 ReadProcessMemory 或 WriteProcessMemory 请求。 (0x12B)
[0928/145133.587:WARNING:pe_image_reader.cc(281)] could not read dos header from C:\Windows\SYSTEM32\ntdll.dll
[0928/145133.587:ERROR:process_reader_win.cc(233)] ReadMemory at 0x76480000 of 64 bytes failed: 仅完成部分的 ReadProcessMemory 或 WriteProcessMemory 请求。 (0x12B)
[0928/145133.587:WARNING:pe_image_reader.cc(281)] could not read dos header from C:\Windows\SYSTEM32\KERNELBASE.dll
[0928/145133.587:ERROR:process_reader_win.cc(233)] ReadMemory at 0x74d60000 of 64 bytes failed: 仅完成部分的 ReadProcessMemory 或 WriteProcessMemory 请求。 (0x12B)
[0928/145133.587:WARNING:pe_image_reader.cc(281)] could not read dos header from C:\Windows\SYSTEM32\KERNEL32.DLL
[0928/145133.587:ERROR:process_reader_win.cc(233)] ReadMemory at 0x6ea40000 of 64 bytes failed: 仅完成部分的 ReadProcessMemory 或 WriteProcessMemory 请求。 (0x12B)
[0928/145133.587:WARNING:pe_image_reader.cc(281)] could not read dos header from C:\Windows\system32\apphelp.dll
[0928/145133.587:ERROR:process_reader_win.cc(233)] ReadMemory at 0x76cc0000 of 64 bytes failed: 仅完成部分的 ReadProcessMemory 或 WriteProcessMemory 请求。 (0x12B)
[0928/145133.587:WARNING:pe_image_reader.cc(281)] could not read dos header from C:\Windows\SYSTEM32\msvcrt.dll
[0928/145133.587:ERROR:process_reader_win.cc(233)] ReadMemory at 0x742b0000 of 64 bytes failed: 仅完成部分的 ReadProcessMemory 或 WriteProcessMemory 请求。 (0x12B)
[0928/145133.587:WARNING:pe_image_reader.cc(281)] could not read dos header from C:\Windows\SYSTEM32\VERSION.dll
[0928/145133.587:ERROR:process_reader_win.cc(233)] ReadMemory at 0x6f350000 of 64 bytes failed: 仅完成部分的 ReadProcessMemory 或 WriteProcessMemory 请求。 (0x12B)
[0928/145133.587:WARNING:pe_image_reader.cc(281)] could not read dos header from C:\Program Files (x86)\Google\Chrome\Application\56.0.2924.87\chrome_elf.dll
[0928/145133.587:ERROR:process_reader_win.cc(233)] ReadMemory at 0x742e0000 of 64 bytes failed: 仅完成部分的 ReadProcessMemory 或 WriteProcessMemory 请求。 (0x12B)
[0928/145133.587:WARNING:pe_image_reader.cc(281)] could not read dos header from C:\Windows\SYSTEM32\bcryptPrimitives.dll
[0928/145133.587:ERROR:process_reader_win.cc(233)] ReadMemory at 0x74340000 of 64 bytes failed: 仅完成部分的 ReadProcessMemory 或 WriteProcessMemory 请求。 (0x12B)
[0928/145133.587:WARNING:pe_image_reader.cc(281)] could not read dos header from C:\Windows\SYSTEM32\CRYPTBASE.dll
[0928/145133.588:ERROR:process_reader_win.cc(233)] ReadMemory at 0x74350000 of 64 bytes failed: 仅完成部分的 ReadProcessMemory 或 WriteProcessMemory 请求。 (0x12B)
[0928/145133.588:WARNING:pe_image_reader.cc(281)] could not read dos header from C:\Windows\SYSTEM32\SspiCli.dll
[0928/145133.588:ERROR:process_reader_win.cc(233)] ReadMemory at 0x76f80000 of 64 bytes failed: 仅完成部分的 ReadProcessMemory 或 WriteProcessMemory 请求。 (0x12B)
[0928/145133.588:WARNING:pe_image_reader.cc(281)] could not read dos header from C:\Windows\SYSTEM32\RPCRT4.dll
[0928/145133.588:ERROR:process_reader_win.cc(233)] ReadMemory at 0x74610000 of 64 bytes failed: 仅完成部分的 ReadProcessMemory 或 WriteProcessMemory 请求。 (0x12B)
[0928/145133.588:WARNING:pe_image_reader.cc(281)] could not read dos header from C:\Windows\SYSTEM32\sechost.dll
[0928/145133.588:ERROR:process_reader_win.cc(233)] ReadMemory at 0x77200000 of 64 bytes failed: 仅完成部分的 ReadProcessMemory 或 WriteProcessMemory 请求。 (0x12B)
[0928/145133.588:WARNING:pe_image_reader.cc(281)] could not read dos header from C:\Windows\SYSTEM32\ADVAPI32.dll
[0928/145133.588:ERROR:process_reader_win.cc(233)] ReadMemory at 0x743d0000 of 64 bytes failed: 仅完成部分的 ReadProcessMemory 或 WriteProcessMemory 请求。 (0x12B)
[0928/145133.588:WARNING:pe_image_reader.cc(281)] could not read dos header from C:\Windows\SYSTEM32\PSAPI.DLL
[0928/145133.588:ERROR:process_reader_win.cc(233)] ReadMemory at 0x749c0000 of 64 bytes failed: 仅完成部分的 ReadProcessMemory 或 WriteProcessMemory 请求。 (0x12B)
[0928/145133.588:WARNING:pe_image_reader.cc(281)] could not read dos header from C:\Windows\SYSTEM32\combase.dll
[0928/145133.588:ERROR:process_reader_win.cc(233)] ReadMemory at 0x74880000 of 64 bytes failed: 仅完成部分的 ReadProcessMemory 或 WriteProcessMemory 请求。 (0x12B)
[0928/145133.588:WARNING:pe_image_reader.cc(281)] could not read dos header from C:\Windows\SYSTEM32\USER32.dll
[0928/145133.588:ERROR:process_reader_win.cc(233)] ReadMemory at 0x74b80000 of 64 bytes failed: 仅完成部分的 ReadProcessMemory 或 WriteProcessMemory 请求。 (0x12B)
[0928/145133.588:WARNING:pe_image_reader.cc(281)] could not read dos header from C:\Windows\SYSTEM32\GDI32.dll
[0928/145133.588:ERROR:process_reader_win.cc(233)] ReadMemory at 0x77030000 of 64 bytes failed: 仅完成部分的 ReadProcessMemory 或 WriteProcessMemory 请求。 (0x12B)
[0928/145133.588:WARNING:pe_image_reader.cc(281)] could not read dos header from C:\Windows\SYSTEM32\MSCTF.dll
[0928/145133.588:ERROR:process_reader_win.cc(233)] ReadMemory at 0x76be0000 of 64 bytes failed: 仅完成部分的 ReadProcessMemory 或 WriteProcessMemory 请求。 (0x12B)
[0928/145133.588:WARNING:pe_image_reader.cc(281)] could not read dos header from C:\Windows\SYSTEM32\IMM32.DLL
[0928/145133.588:ERROR:process_reader_win.cc(233)] ReadMemory at 0x76ed0000 of 64 bytes failed: 仅完成部分的 ReadProcessMemory 或 WriteProcessMemory 请求。 (0x12B)
[0928/145133.588:WARNING:pe_image_reader.cc(281)] could not read dos header from C:\Windows\SYSTEM32\shlwapi.dll
[0928/145133.588:ERROR:process_reader_win.cc(233)] ReadMemory at 0x76b30000 of 64 bytes failed: 仅完成部分的 ReadProcessMemory 或 WriteProcessMemory 请求。 (0x12B)
[0928/145133.589:WARNING:pe_image_reader.cc(281)] could not read dos header from C:\Windows\SYSTEM32\kernel.appcore.dll
[0928/145133.589:ERROR:process_reader_win.cc(233)] ReadMemory at 0x74cd0000 of 64 bytes failed: 仅完成部分的 ReadProcessMemory 或 WriteProcessMemory 请求。 (0x12B)
[0928/145133.589:WARNING:pe_image_reader.cc(281)] could not read dos header from C:\Windows\SYSTEM32\shcore.dll
[0928/145133.589:ERROR:process_reader_win.cc(233)] ReadMemory at 0x74370000 of 64 bytes failed: 仅完成部分的 ReadProcessMemory 或 WriteProcessMemory 请求。 (0x12B)
[0928/145133.589:WARNING:pe_image_reader.cc(281)] could not read dos header from C:\Windows\SYSTEM32\powrprof.dll
[0928/145133.589:ERROR:process_reader_win.cc(233)] ReadMemory at 0x77150000 of 64 bytes failed: 仅完成部分的 ReadProcessMemory 或 WriteProcessMemory 请求。 (0x12B)
[0928/145133.589:WARNING:pe_image_reader.cc(281)] could not read dos header from C:\Windows\SYSTEM32\profapi.dll
[0928/145133.589:ERROR:process_reader_win.cc(233)] ReadMemory at 0x76600000 of 64 bytes failed: 仅完成部分的 ReadProcessMemory 或 WriteProcessMemory 请求。 (0x12B)
[0928/145133.589:WARNING:pe_image_reader.cc(281)] could not read dos header from C:\Windows\SYSTEM32\windows.storage.dll
[0928/145133.589:ERROR:process_reader_win.cc(233)] ReadMemory at 0x74ec0000 of 64 bytes failed: 仅完成部分的 ReadProcessMemory 或 WriteProcessMemory 请求。 (0x12B)
[0928/145133.589:WARNING:pe_image_reader.cc(281)] could not read dos header from C:\Windows\SYSTEM32\SHELL32.dll
[0928/145133.589:ERROR:process_reader_win.cc(233)] ReadMemory at 0x77160000 of 64 bytes failed: 仅完成部分的 ReadProcessMemory 或 WriteProcessMemory 请求。 (0x12B)
[0928/145133.589:WARNING:pe_image_reader.cc(281)] could not read dos header from C:\Windows\SYSTEM32\OLEAUT32.dll
[0928/145133.589:ERROR:process_reader_win.cc(233)] ReadMemory at 0x76440000 of 64 bytes failed: 仅完成部分的 ReadProcessMemory 或 WriteProcessMemory 请求。 (0x12B)
[0928/145133.589:WARNING:pe_image_reader.cc(281)] could not read dos header from C:\Windows\SYSTEM32\cfgmgr32.dll
[0928/145133.589:ERROR:process_reader_win.cc(233)] ReadMemory at 0x73dc0000 of 64 bytes failed: 仅完成部分的 ReadProcessMemory 或 WriteProcessMemory 请求。 (0x12B)
[0928/145133.589:WARNING:pe_image_reader.cc(281)] could not read dos header from C:\Windows\SYSTEM32\DEVOBJ.dll
[0928/145133.589:ERROR:process_reader_win.cc(233)] ReadMemory at 0x73df0000 of 64 bytes failed: 仅完成部分的 ReadProcessMemory 或 WriteProcessMemory 请求。 (0x12B)
[0928/145133.589:WARNING:pe_image_reader.cc(281)] could not read dos header from C:\Windows\SYSTEM32\WINMMBASE.dll
[0928/145133.589:ERROR:process_reader_win.cc(233)] ReadMemory at 0x73e20000 of 64 bytes failed: 仅完成部分的 ReadProcessMemory 或 WriteProcessMemory 请求。 (0x12B)
[0928/145133.589:WARNING:pe_image_reader.cc(281)] could not read dos header from C:\Windows\SYSTEM32\WINMM.dll
[0928/145133.589:ERROR:process_reader_win.cc(233)] ReadMemory at 0x742a0000 of 64 bytes failed: 仅完成部分的 ReadProcessMemory 或 WriteProcessMemory 请求。 (0x12B)
[0928/145133.589:WARNING:pe_image_reader.cc(281)] could not read dos header from C:\Windows\SYSTEM32\WTSAPI32.dll
[0928/145133.589:ERROR:process_reader_win.cc(233)] ReadMemory at 0x742c0000 of 64 bytes failed: 仅完成部分的 ReadProcessMemory 或 WriteProcessMemory 请求。 (0x12B)
[0928/145133.589:WARNING:pe_image_reader.cc(281)] could not read dos header from C:\Windows\SYSTEM32\USERENV.dll
[0928/145133.589:ERROR:process_reader_win.cc(233)] ReadMemory at 0x73710000 of 64 bytes failed: 仅完成部分的 ReadProcessMemory 或 WriteProcessMemory 请求。 (0x12B)
[0928/145133.589:WARNING:pe_image_reader.cc(281)] could not read dos header from C:\Windows\SYSTEM32\WINHTTP.dll
[0928/145133.589:ERROR:process_reader_win.cc(233)] ReadMemory at 0x76d80000 of 64 bytes failed: 仅完成部分的 ReadProcessMemory 或 WriteProcessMemory 请求。 (0x12B)
[0928/145133.589:WARNING:pe_image_reader.cc(281)] could not read dos header from C:\Windows\SYSTEM32\ole32.dll
[0928/145133.589:ERROR:process_reader_win.cc(233)] ReadMemory at 0x746c0000 of 64 bytes failed: 仅完成部分的 ReadProcessMemory 或 WriteProcessMemory 请求。 (0x12B)
[0928/145133.589:WARNING:pe_image_reader.cc(281)] could not read dos header from C:\Windows\SYSTEM32\NSI.dll
[0928/145133.589:ERROR:process_reader_win.cc(233)] ReadMemory at 0x74660000 of 64 bytes failed: 仅完成部分的 ReadProcessMemory 或 WriteProcessMemory 请求。 (0x12B)
[0928/145133.589:WARNING:pe_image_reader.cc(281)] could not read dos header from C:\Windows\SYSTEM32\WS2_32.dll
[0928/145133.589:ERROR:process_reader_win.cc(233)] ReadMemory at 0x74160000 of 64 bytes failed: 仅完成部分的 ReadProcessMemory 或 WriteProcessMemory 请求。 (0x12B)
[0928/145133.589:WARNING:pe_image_reader.cc(281)] could not read dos header from C:\Windows\SYSTEM32\bcrypt.dll
[0928/145133.589:ERROR:process_reader_win.cc(233)] ReadMemory at 0x74180000 of 64 bytes failed: 仅完成部分的 ReadProcessMemory 或 WriteProcessMemory 请求。 (0x12B)
[0928/145133.589:WARNING:pe_image_reader.cc(281)] could not read dos header from C:\Windows\SYSTEM32\wkscli.dll
[0928/145133.589:ERROR:process_reader_win.cc(233)] ReadMemory at 0x740f0000 of 64 bytes failed: 仅完成部分的 ReadProcessMemory 或 WriteProcessMemory 请求。 (0x12B)
[0928/145133.589:WARNING:pe_image_reader.cc(281)] could not read dos header from C:\Windows\SYSTEM32\srvcli.dll
[0928/145133.589:ERROR:process_reader_win.cc(233)] ReadMemory at 0x74110000 of 64 bytes failed: 仅完成部分的 ReadProcessMemory 或 WriteProcessMemory 请求。 (0x12B)
[0928/145133.589:WARNING:pe_image_reader.cc(281)] could not read dos header from C:\Windows\SYSTEM32\netutils.dll
[0928/145133.589:ERROR:process_reader_win.cc(233)] ReadMemory at 0x74190000 of 64 bytes failed: 仅完成部分的 ReadProcessMemory 或 WriteProcessMemory 请求。 (0x12B)
[0928/145133.590:WARNING:pe_image_reader.cc(281)] could not read dos header from C:\Windows\SYSTEM32\NETAPI32.dll
[0928/145133.590:ERROR:process_reader_win.cc(233)] ReadMemory at 0x61a70000 of 64 bytes failed: 仅完成部分的 ReadProcessMemory 或 WriteProcessMemory 请求。 (0x12B)
[0928/145133.590:WARNING:pe_image_reader.cc(281)] could not read dos header from C:\360\360Safe\safemon\safemon.dll
[0928/145133.590:ERROR:process_reader_win.cc(233)] ReadMemory at 0x6f310000 of 64 bytes failed: 仅完成部分的 ReadProcessMemory 或 WriteProcessMemory 请求。 (0x12B)
[0928/145133.590:WARNING:pe_image_reader.cc(281)] could not read dos header from C:\360\360Safe\safemon\iNetSafe.dll
[0928/145133.590:ERROR:process_reader_win.cc(233)] ReadMemory at 0x72d50000 of 64 bytes failed: 仅完成部分的 ReadProcessMemory 或 WriteProcessMemory 请求。 (0x12B)
[0928/145133.590:WARNING:pe_image_reader.cc(281)] could not read dos header from C:\Windows\WinSxS\x86_microsoft.windows.common-controls_6595b64144ccf1df_6.0.10240.16384_none_3bccb1ff6bcd1849\COMCTL32.dll
[0928/145133.590:ERROR:process_reader_win.cc(233)] ReadMemory at 0x74550000 of 64 bytes failed: 仅完成部分的 ReadProcessMemory 或 WriteProcessMemory 请求。 (0x12B)
[0928/145133.590:WARNING:pe_image_reader.cc(281)] could not read dos header from C:\Windows\SYSTEM32\COMDLG32.dll
[0928/145133.590:ERROR:process_reader_win.cc(233)] ReadMemory at 0x72920000 of 64 bytes failed: 仅完成部分的 ReadProcessMemory 或 WriteProcessMemory 请求。 (0x12B)
[0928/145133.590:WARNING:pe_image_reader.cc(281)] could not read dos header from C:\Windows\SYSTEM32\dbghelp.dll
[0928/145133.590:ERROR:process_reader_win.cc(233)] ReadMemory at 0x727d0000 of 64 bytes failed: 仅完成部分的 ReadProcessMemory 或 WriteProcessMemory 请求。 (0x12B)
[0928/145133.590:WARNING:pe_image_reader.cc(281)] could not read dos header from C:\Windows\SYSTEM32\USP10.dll
[0928/145133.590:ERROR:process_reader_win.cc(233)] ReadMemory at 0x6fc40000 of 64 bytes failed: 仅完成部分的 ReadProcessMemory 或 WriteProcessMemory 请求。 (0x12B)
[0928/145133.590:WARNING:pe_image_reader.cc(281)] could not read dos header from C:\Windows\SYSTEM32\WINSPOOL.DRV
[0928/145133.590:ERROR:process_reader_win.cc(233)] ReadMemory at 0x74120000 of 64 bytes failed: 仅完成部分的 ReadProcessMemory 或 WriteProcessMemory 请求。 (0x12B)
[0928/145133.590:WARNING:pe_image_reader.cc(281)] could not read dos header from C:\Windows\SYSTEM32\WINNSI.DLL
[0928/145133.590:ERROR:process_reader_win.cc(233)] ReadMemory at 0x74130000 of 64 bytes failed: 仅完成部分的 ReadProcessMemory 或 WriteProcessMemory 请求。 (0x12B)
[0928/145133.590:WARNING:pe_image_reader.cc(281)] could not read dos header from C:\Windows\SYSTEM32\IPHLPAPI.DLL
[0928/145133.590:ERROR:process_reader_win.cc(233)] ReadMemory at 0x73d70000 of 64 bytes failed: 仅完成部分的 ReadProcessMemory 或 WriteProcessMemory 请求。 (0x12B)
[0928/145133.590:WARNING:pe_image_reader.cc(281)] could not read dos header from C:\Windows\SYSTEM32\Secur32.dll
[0928/145133.590:ERROR:process_reader_win.cc(233)] ReadMemory at 0x62a40000 of 64 bytes failed: 仅完成部分的 ReadProcessMemory 或 WriteProcessMemory 请求。 (0x12B)
[0928/145133.590:WARNING:pe_image_reader.cc(281)] could not read dos header from C:\Windows\SYSTEM32\DWrite.dll
[0928/145133.590:ERROR:process_reader_win.cc(233)] ReadMemory at 0x6eb70000 of 64 bytes failed: 仅完成部分的 ReadProcessMemory 或 WriteProcessMemory 请求。 (0x12B)
[0928/145133.590:WARNING:pe_image_reader.cc(281)] could not read dos header from C:\Windows\SYSTEM32\FONTSUB.dll
[0928/145133.590:ERROR:process_reader_win.cc(233)] ReadMemory at 0x74eb0000 of 64 bytes failed: 仅完成部分的 ReadProcessMemory 或 WriteProcessMemory 请求。 (0x12B)
[0928/145133.590:WARNING:pe_image_reader.cc(281)] could not read dos header from C:\Windows\SYSTEM32\MSASN1.dll
[0928/145133.590:ERROR:process_reader_win.cc(233)] ReadMemory at 0x762c0000 of 64 bytes failed: 仅完成部分的 ReadProcessMemory 或 WriteProcessMemory 请求。 (0x12B)
[0928/145133.590:WARNING:pe_image_reader.cc(281)] could not read dos header from C:\Windows\SYSTEM32\CRYPT32.dll
[0928/145133.590:ERROR:process_reader_win.cc(233)] ReadMemory at 0x76ae0000 of 64 bytes failed: 仅完成部分的 ReadProcessMemory 或 WriteProcessMemory 请求。 (0x12B)
[0928/145133.590:WARNING:pe_image_reader.cc(281)] could not read dos header from C:\Windows\SYSTEM32\WINTRUST.dll
[0928/145133.590:ERROR:process_reader_win.cc(233)] ReadMemory at 0xfd80000 of 64 bytes failed: 仅完成部分的 ReadProcessMemory 或 WriteProcessMemory 请求。 (0x12B)
[0928/145133.590:WARNING:pe_image_reader.cc(281)] could not read dos header from C:\Program Files (x86)\Google\Chrome\Application\56.0.2924.87\chrome_child.dll
[0928/145133.590:ERROR:process_info.cc(608)] range at 0xff89b000, size 0xf84 fully unreadable
[0928/145133.591:ERROR:process_reader_win.cc(233)] ReadMemory at 0x40000 of 64 bytes failed: 仅完成部分的 ReadProcessMemory 或 WriteProcessMemory 请求。 (0x12B)
[0928/145133.591:WARNING:pe_image_reader.cc(281)] could not read dos header from C:\Program Files (x86)\Google\Chrome\Application\chrome.exe
[0928/145133.591:ERROR:process_reader_win.cc(233)] ReadMemory at 0x77280000 of 64 bytes failed: 仅完成部分的 ReadProcessMemory 或 WriteProcessMemory 请求。 (0x12B)
[0928/145133.591:WARNING:pe_image_reader.cc(281)] could not read dos header from C:\Windows\SYSTEM32\ntdll.dll
[0928/145133.591:ERROR:process_reader_win.cc(233)] ReadMemory at 0x76480000 of 64 bytes failed: 仅完成部分的 ReadProcessMemory 或 WriteProcessMemory 请求。 (0x12B)
[0928/145133.591:WARNING:pe_image_reader.cc(281)] could not read dos header from C:\Windows\SYSTEM32\KERNELBASE.dll
[0928/145133.591:ERROR:process_reader_win.cc(233)] ReadMemory at 0x74d60000 of 64 bytes failed: 仅完成部分的 ReadProcessMemory 或 WriteProcessMemory 请求。 (0x12B)
[0928/145133.591:WARNING:pe_image_reader.cc(281)] could not read dos header from C:\Windows\SYSTEM32\KERNEL32.DLL
[0928/145133.591:ERROR:process_reader_win.cc(233)] ReadMemory at 0x6ea40000 of 64 bytes failed: 仅完成部分的 ReadProcessMemory 或 WriteProcessMemory 请求。 (0x12B)
[0928/145133.591:WARNING:pe_image_reader.cc(281)] could not read dos header from C:\Windows\system32\apphelp.dll
[0928/145133.591:ERROR:process_reader_win.cc(233)] ReadMemory at 0x76cc0000 of 64 bytes failed: 仅完成部分的 ReadProcessMemory 或 WriteProcessMemory 请求。 (0x12B)
[0928/145133.591:WARNING:pe_image_reader.cc(281)] could not read dos header from C:\Windows\SYSTEM32\msvcrt.dll
[0928/145133.591:ERROR:process_reader_win.cc(233)] ReadMemory at 0x742b0000 of 64 bytes failed: 仅完成部分的 ReadProcessMemory 或 WriteProcessMemory 请求。 (0x12B)
[0928/145133.591:WARNING:pe_image_reader.cc(281)] could not read dos header from C:\Windows\SYSTEM32\VERSION.dll
[0928/145133.591:ERROR:process_reader_win.cc(233)] ReadMemory at 0x6f350000 of 64 bytes failed: 仅完成部分的 ReadProcessMemory 或 WriteProcessMemory 请求。 (0x12B)
[0928/145133.591:WARNING:pe_image_reader.cc(281)] could not read dos header from C:\Program Files (x86)\Google\Chrome\Application\56.0.2924.87\chrome_elf.dll
[0928/145133.591:ERROR:process_reader_win.cc(233)] ReadMemory at 0x742e0000 of 64 bytes failed: 仅完成部分的 ReadProcessMemory 或 WriteProcessMemory 请求。 (0x12B)
[0928/145133.591:WARNING:pe_image_reader.cc(281)] could not read dos header from C:\Windows\SYSTEM32\bcryptPrimitives.dll
[0928/145133.591:ERROR:process_reader_win.cc(233)] ReadMemory at 0x74340000 of 64 bytes failed: 仅完成部分的 ReadProcessMemory 或 WriteProcessMemory 请求。 (0x12B)
[0928/145133.591:WARNING:pe_image_reader.cc(281)] could not read dos header from C:\Windows\SYSTEM32\CRYPTBASE.dll
[0928/145133.591:ERROR:process_reader_win.cc(233)] ReadMemory at 0x74350000 of 64 bytes failed: 仅完成部分的 ReadProcessMemory 或 WriteProcessMemory 请求。 (0x12B)
[0928/145133.591:WARNING:pe_image_reader.cc(281)] could not read dos header from C:\Windows\SYSTEM32\SspiCli.dll
[0928/145133.591:ERROR:process_reader_win.cc(233)] ReadMemory at 0x76f80000 of 64 bytes failed: 仅完成部分的 ReadProcessMemory 或 WriteProcessMemory 请求。 (0x12B)
[0928/145133.591:WARNING:pe_image_reader.cc(281)] could not read dos header from C:\Windows\SYSTEM32\RPCRT4.dll
[0928/145133.591:ERROR:process_reader_win.cc(233)] ReadMemory at 0x74610000 of 64 bytes failed: 仅完成部分的 ReadProcessMemory 或 WriteProcessMemory 请求。 (0x12B)
[0928/145133.591:WARNING:pe_image_reader.cc(281)] could not read dos header from C:\Windows\SYSTEM32\sechost.dll
[0928/145133.591:ERROR:process_reader_win.cc(233)] ReadMemory at 0x77200000 of 64 bytes failed: 仅完成部分的 ReadProcessMemory 或 WriteProcessMemory 请求。 (0x12B)
[0928/145133.591:WARNING:pe_image_reader.cc(281)] could not read dos header from C:\Windows\SYSTEM32\ADVAPI32.dll
[0928/145133.591:ERROR:process_reader_win.cc(233)] ReadMemory at 0x743d0000 of 64 bytes failed: 仅完成部分的 ReadProcessMemory 或 WriteProcessMemory 请求。 (0x12B)
[0928/145133.591:WARNING:pe_image_reader.cc(281)] could not read dos header from C:\Windows\SYSTEM32\PSAPI.DLL
[0928/145133.591:ERROR:process_reader_win.cc(233)] ReadMemory at 0x749c0000 of 64 bytes failed: 仅完成部分的 ReadProcessMemory 或 WriteProcessMemory 请求。 (0x12B)
[0928/145133.591:WARNING:pe_image_reader.cc(281)] could not read dos header from C:\Windows\SYSTEM32\combase.dll
[0928/145133.591:ERROR:process_reader_win.cc(233)] ReadMemory at 0x74880000 of 64 bytes failed: 仅完成部分的 ReadProcessMemory 或 WriteProcessMemory 请求。 (0x12B)
[0928/145133.591:WARNING:pe_image_reader.cc(281)] could not read dos header from C:\Windows\SYSTEM32\USER32.dll
[0928/145133.591:ERROR:process_reader_win.cc(233)] ReadMemory at 0x74b80000 of 64 bytes failed: 仅完成部分的 ReadProcessMemory 或 WriteProcessMemory 请求。 (0x12B)
[0928/145133.591:WARNING:pe_image_reader.cc(281)] could not read dos header from C:\Windows\SYSTEM32\GDI32.dll
[0928/145133.591:ERROR:process_reader_win.cc(233)] ReadMemory at 0x77030000 of 64 bytes failed: 仅完成部分的 ReadProcessMemory 或 WriteProcessMemory 请求。 (0x12B)
[0928/145133.591:WARNING:pe_image_reader.cc(281)] could not read dos header from C:\Windows\SYSTEM32\MSCTF.dll
[0928/145133.591:ERROR:process_reader_win.cc(233)] ReadMemory at 0x76be0000 of 64 bytes failed: 仅完成部分的 ReadProcessMemory 或 WriteProcessMemory 请求。 (0x12B)
[0928/145133.591:WARNING:pe_image_reader.cc(281)] could not read dos header from C:\Windows\SYSTEM32\IMM32.DLL
[0928/145133.591:ERROR:process_reader_win.cc(233)] ReadMemory at 0x76ed0000 of 64 bytes failed: 仅完成部分的 ReadProcessMemory 或 WriteProcessMemory 请求。 (0x12B)
[0928/145133.592:WARNING:pe_image_reader.cc(281)] could not read dos header from C:\Windows\SYSTEM32\shlwapi.dll
[0928/145133.592:ERROR:process_reader_win.cc(233)] ReadMemory at 0x76b30000 of 64 bytes failed: 仅完成部分的 ReadProcessMemory 或 WriteProcessMemory 请求。 (0x12B)
[0928/145133.592:WARNING:pe_image_reader.cc(281)] could not read dos header from C:\Windows\SYSTEM32\kernel.appcore.dll
[0928/145133.592:ERROR:process_reader_win.cc(233)] ReadMemory at 0x74cd0000 of 64 bytes failed: 仅完成部分的 ReadProcessMemory 或 WriteProcessMemory 请求。 (0x12B)
[0928/145133.592:WARNING:pe_image_reader.cc(281)] could not read dos header from C:\Windows\SYSTEM32\shcore.dll
[0928/145133.592:ERROR:process_reader_win.cc(233)] ReadMemory at 0x74370000 of 64 bytes failed: 仅完成部分的 ReadProcessMemory 或 WriteProcessMemory 请求。 (0x12B)
[0928/145133.592:WARNING:pe_image_reader.cc(281)] could not read dos header from C:\Windows\SYSTEM32\powrprof.dll
[0928/145133.592:ERROR:process_reader_win.cc(233)] ReadMemory at 0x77150000 of 64 bytes failed: 仅完成部分的 ReadProcessMemory 或 WriteProcessMemory 请求。 (0x12B)
[0928/145133.592:WARNING:pe_image_reader.cc(281)] could not read dos header from C:\Windows\SYSTEM32\profapi.dll
[0928/145133.592:ERROR:process_reader_win.cc(233)] ReadMemory at 0x76600000 of 64 bytes failed: 仅完成部分的 ReadProcessMemory 或 WriteProcessMemory 请求。 (0x12B)
[0928/145133.592:WARNING:pe_image_reader.cc(281)] could not read dos header from C:\Windows\SYSTEM32\windows.storage.dll
[0928/145133.592:ERROR:process_reader_win.cc(233)] ReadMemory at 0x74ec0000 of 64 bytes failed: 仅完成部分的 ReadProcessMemory 或 WriteProcessMemory 请求。 (0x12B)
[0928/145133.592:WARNING:pe_image_reader.cc(281)] could not read dos header from C:\Windows\SYSTEM32\SHELL32.dll
[0928/145133.592:ERROR:process_reader_win.cc(233)] ReadMemory at 0x77160000 of 64 bytes failed: 仅完成部分的 ReadProcessMemory 或 WriteProcessMemory 请求。 (0x12B)
[0928/145133.592:WARNING:pe_image_reader.cc(281)] could not read dos header from C:\Windows\SYSTEM32\OLEAUT32.dll
[0928/145133.592:ERROR:process_reader_win.cc(233)] ReadMemory at 0x76440000 of 64 bytes failed: 仅完成部分的 ReadProcessMemory 或 WriteProcessMemory 请求。 (0x12B)
[0928/145133.592:WARNING:pe_image_reader.cc(281)] could not read dos header from C:\Windows\SYSTEM32\cfgmgr32.dll
[0928/145133.592:ERROR:process_reader_win.cc(233)] ReadMemory at 0x73dc0000 of 64 bytes failed: 仅完成部分的 ReadProcessMemory 或 WriteProcessMemory 请求。 (0x12B)
[0928/145133.592:WARNING:pe_image_reader.cc(281)] could not read dos header from C:\Windows\SYSTEM32\DEVOBJ.dll
[0928/145133.592:ERROR:process_reader_win.cc(233)] ReadMemory at 0x73df0000 of 64 bytes failed: 仅完成部分的 ReadProcessMemory 或 WriteProcessMemory 请求。 (0x12B)
[0928/145133.592:WARNING:pe_image_reader.cc(281)] could not read dos header from C:\Windows\SYSTEM32\WINMMBASE.dll
[0928/145133.592:ERROR:process_reader_win.cc(233)] ReadMemory at 0x73e20000 of 64 bytes failed: 仅完成部分的 ReadProcessMemory 或 WriteProcessMemory 请求。 (0x12B)
[0928/145133.592:WARNING:pe_image_reader.cc(281)] could not read dos header from C:\Windows\SYSTEM32\WINMM.dll
[0928/145133.592:ERROR:process_reader_win.cc(233)] ReadMemory at 0x742a0000 of 64 bytes failed: 仅完成部分的 ReadProcessMemory 或 WriteProcessMemory 请求。 (0x12B)
[0928/145133.592:WARNING:pe_image_reader.cc(281)] could not read dos header from C:\Windows\SYSTEM32\WTSAPI32.dll
[0928/145133.592:ERROR:process_reader_win.cc(233)] ReadMemory at 0x742c0000 of 64 bytes failed: 仅完成部分的 ReadProcessMemory 或 WriteProcessMemory 请求。 (0x12B)
[0928/145133.592:WARNING:pe_image_reader.cc(281)] could not read dos header from C:\Windows\SYSTEM32\USERENV.dll
[0928/145133.592:ERROR:process_reader_win.cc(233)] ReadMemory at 0x73710000 of 64 bytes failed: 仅完成部分的 ReadProcessMemory 或 WriteProcessMemory 请求。 (0x12B)
[0928/145133.592:WARNING:pe_image_reader.cc(281)] could not read dos header from C:\Windows\SYSTEM32\WINHTTP.dll
[0928/145133.592:ERROR:process_reader_win.cc(233)] ReadMemory at 0x76d80000 of 64 bytes failed: 仅完成部分的 ReadProcessMemory 或 WriteProcessMemory 请求。 (0x12B)
[0928/145133.593:WARNING:pe_image_reader.cc(281)] could not read dos header from C:\Windows\SYSTEM32\ole32.dll
[0928/145133.593:ERROR:process_reader_win.cc(233)] ReadMemory at 0x746c0000 of 64 bytes failed: 仅完成部分的 ReadProcessMemory 或 WriteProcessMemory 请求。 (0x12B)
[0928/145133.593:WARNING:pe_image_reader.cc(281)] could not read dos header from C:\Windows\SYSTEM32\NSI.dll
[0928/145133.593:ERROR:process_reader_win.cc(233)] ReadMemory at 0x74660000 of 64 bytes failed: 仅完成部分的 ReadProcessMemory 或 WriteProcessMemory 请求。 (0x12B)
[0928/145133.593:WARNING:pe_image_reader.cc(281)] could not read dos header from C:\Windows\SYSTEM32\WS2_32.dll
[0928/145133.593:ERROR:process_reader_win.cc(233)] ReadMemory at 0x74160000 of 64 bytes failed: 仅完成部分的 ReadProcessMemory 或 WriteProcessMemory 请求。 (0x12B)
[0928/145133.593:WARNING:pe_image_reader.cc(281)] could not read dos header from C:\Windows\SYSTEM32\bcrypt.dll
[0928/145133.593:ERROR:process_reader_win.cc(233)] ReadMemory at 0x74180000 of 64 bytes failed: 仅完成部分的 ReadProcessMemory 或 WriteProcessMemory 请求。 (0x12B)
[0928/145133.593:WARNING:pe_image_reader.cc(281)] could not read dos header from C:\Windows\SYSTEM32\wkscli.dll
[0928/145133.593:ERROR:process_reader_win.cc(233)] ReadMemory at 0x740f0000 of 64 bytes failed: 仅完成部分的 ReadProcessMemory 或 WriteProcessMemory 请求。 (0x12B)
[0928/145133.593:WARNING:pe_image_reader.cc(281)] could not read dos header from C:\Windows\SYSTEM32\srvcli.dll
[0928/145133.593:ERROR:process_reader_win.cc(233)] ReadMemory at 0x74110000 of 64 bytes failed: 仅完成部分的 ReadProcessMemory 或 WriteProcessMemory 请求。 (0x12B)
[0928/145133.593:WARNING:pe_image_reader.cc(281)] could not read dos header from C:\Windows\SYSTEM32\netutils.dll
[0928/145133.593:ERROR:process_reader_win.cc(233)] ReadMemory at 0x74190000 of 64 bytes failed: 仅完成部分的 ReadProcessMemory 或 WriteProcessMemory 请求。 (0x12B)
[0928/145133.594:WARNING:pe_image_reader.cc(281)] could not read dos header from C:\Windows\SYSTEM32\NETAPI32.dll
[0928/145133.594:ERROR:process_reader_win.cc(233)] ReadMemory at 0x61a70000 of 64 bytes failed: 仅完成部分的 ReadProcessMemory 或 WriteProcessMemory 请求。 (0x12B)
[0928/145133.594:WARNING:pe_image_reader.cc(281)] could not read dos header from C:\360\360Safe\safemon\safemon.dll
[0928/145133.594:ERROR:process_reader_win.cc(233)] ReadMemory at 0x6f310000 of 64 bytes failed: 仅完成部分的 ReadProcessMemory 或 WriteProcessMemory 请求。 (0x12B)
[0928/145133.594:WARNING:pe_image_reader.cc(281)] could not read dos header from C:\360\360Safe\safemon\iNetSafe.dll
[0928/145133.594:ERROR:process_reader_win.cc(233)] ReadMemory at 0x72d50000 of 64 bytes failed: 仅完成部分的 ReadProcessMemory 或 WriteProcessMemory 请求。 (0x12B)
[0928/145133.594:WARNING:pe_image_reader.cc(281)] could not read dos header from C:\Windows\WinSxS\x86_microsoft.windows.common-controls_6595b64144ccf1df_6.0.10240.16384_none_3bccb1ff6bcd1849\COMCTL32.dll
[0928/145133.594:ERROR:process_reader_win.cc(233)] ReadMemory at 0x74550000 of 64 bytes failed: 仅完成部分的 ReadProcessMemory 或 WriteProcessMemory 请求。 (0x12B)
[0928/145133.594:WARNING:pe_image_reader.cc(281)] could not read dos header from C:\Windows\SYSTEM32\COMDLG32.dll
[0928/145133.594:ERROR:process_reader_win.cc(233)] ReadMemory at 0x72920000 of 64 bytes failed: 仅完成部分的 ReadProcessMemory 或 WriteProcessMemory 请求。 (0x12B)
[0928/145133.594:WARNING:pe_image_reader.cc(281)] could not read dos header from C:\Windows\SYSTEM32\dbghelp.dll
[0928/145133.594:ERROR:process_reader_win.cc(233)] ReadMemory at 0x727d0000 of 64 bytes failed: 仅完成部分的 ReadProcessMemory 或 WriteProcessMemory 请求。 (0x12B)
[0928/145133.594:WARNING:pe_image_reader.cc(281)] could not read dos header from C:\Windows\SYSTEM32\USP10.dll
[0928/145133.594:ERROR:process_reader_win.cc(233)] ReadMemory at 0x6fc40000 of 64 bytes failed: 仅完成部分的 ReadProcessMemory 或 WriteProcessMemory 请求。 (0x12B)
[0928/145133.594:WARNING:pe_image_reader.cc(281)] could not read dos header from C:\Windows\SYSTEM32\WINSPOOL.DRV
[0928/145133.594:ERROR:process_reader_win.cc(233)] ReadMemory at 0x74120000 of 64 bytes failed: 仅完成部分的 ReadProcessMemory 或 WriteProcessMemory 请求。 (0x12B)
[0928/145133.594:WARNING:pe_image_reader.cc(281)] could not read dos header from C:\Windows\SYSTEM32\WINNSI.DLL
[0928/145133.594:ERROR:process_reader_win.cc(233)] ReadMemory at 0x74130000 of 64 bytes failed: 仅完成部分的 ReadProcessMemory 或 WriteProcessMemory 请求。 (0x12B)
[0928/145133.594:WARNING:pe_image_reader.cc(281)] could not read dos header from C:\Windows\SYSTEM32\IPHLPAPI.DLL
[0928/145133.594:ERROR:process_reader_win.cc(233)] ReadMemory at 0x73d70000 of 64 bytes failed: 仅完成部分的 ReadProcessMemory 或 WriteProcessMemory 请求。 (0x12B)
[0928/145133.594:WARNING:pe_image_reader.cc(281)] could not read dos header from C:\Windows\SYSTEM32\Secur32.dll
[0928/145133.594:ERROR:process_reader_win.cc(233)] ReadMemory at 0x62a40000 of 64 bytes failed: 仅完成部分的 ReadProcessMemory 或 WriteProcessMemory 请求。 (0x12B)
[0928/145133.594:WARNING:pe_image_reader.cc(281)] could not read dos header from C:\Windows\SYSTEM32\DWrite.dll
[0928/145133.594:ERROR:process_reader_win.cc(233)] ReadMemory at 0x6eb70000 of 64 bytes failed: 仅完成部分的 ReadProcessMemory 或 WriteProcessMemory 请求。 (0x12B)
[0928/145133.594:WARNING:pe_image_reader.cc(281)] could not read dos header from C:\Windows\SYSTEM32\FONTSUB.dll
[0928/145133.594:ERROR:process_reader_win.cc(233)] ReadMemory at 0x74eb0000 of 64 bytes failed: 仅完成部分的 ReadProcessMemory 或 WriteProcessMemory 请求。 (0x12B)
[0928/145133.594:WARNING:pe_image_reader.cc(281)] could not read dos header from C:\Windows\SYSTEM32\MSASN1.dll
[0928/145133.594:ERROR:process_reader_win.cc(233)] ReadMemory at 0x762c0000 of 64 bytes failed: 仅完成部分的 ReadProcessMemory 或 WriteProcessMemory 请求。 (0x12B)
[0928/145133.594:WARNING:pe_image_reader.cc(281)] could not read dos header from C:\Windows\SYSTEM32\CRYPT32.dll
[0928/145133.594:ERROR:process_reader_win.cc(233)] ReadMemory at 0x76ae0000 of 64 bytes failed: 仅完成部分的 ReadProcessMemory 或 WriteProcessMemory 请求。 (0x12B)
[0928/145133.594:WARNING:pe_image_reader.cc(281)] could not read dos header from C:\Windows\SYSTEM32\WINTRUST.dll
[0928/145133.594:ERROR:process_reader_win.cc(233)] ReadMemory at 0xfd80000 of 64 bytes failed: 仅完成部分的 ReadProcessMemory 或 WriteProcessMemory 请求。 (0x12B)
[0928/145133.594:WARNING:pe_image_reader.cc(281)] could not read dos header from C:\Program Files (x86)\Google\Chrome\Application\56.0.2924.87\chrome_child.dll
[0928/145133.611:ERROR:process_reader_win.cc(233)] ReadMemory at 0x40000 of 64 bytes failed: 仅完成部分的 ReadProcessMemory 或 WriteProcessMemory 请求。 (0x12B)
[0928/145133.611:WARNING:pe_image_reader.cc(281)] could not read dos header from C:\Program Files (x86)\Google\Chrome\Application\chrome.exe
[0928/145133.611:ERROR:process_reader_win.cc(233)] ReadMemory at 0x77280000 of 64 bytes failed: 仅完成部分的 ReadProcessMemory 或 WriteProcessMemory 请求。 (0x12B)
[0928/145133.611:WARNING:pe_image_reader.cc(281)] could not read dos header from C:\Windows\SYSTEM32\ntdll.dll
[0928/145133.611:ERROR:process_reader_win.cc(233)] ReadMemory at 0x76480000 of 64 bytes failed: 仅完成部分的 ReadProcessMemory 或 WriteProcessMemory 请求。 (0x12B)
[0928/145133.611:WARNING:pe_image_reader.cc(281)] could not read dos header from C:\Windows\SYSTEM32\KERNELBASE.dll
[0928/145133.611:ERROR:process_reader_win.cc(233)] ReadMemory at 0x74d60000 of 64 bytes failed: 仅完成部分的 ReadProcessMemory 或 WriteProcessMemory 请求。 (0x12B)
[0928/145133.611:WARNING:pe_image_reader.cc(281)] could not read dos header from C:\Windows\SYSTEM32\KERNEL32.DLL
[0928/145133.612:ERROR:process_reader_win.cc(233)] ReadMemory at 0x6ea40000 of 64 bytes failed: 仅完成部分的 ReadProcessMemory 或 WriteProcessMemory 请求。 (0x12B)
[0928/145133.612:WARNING:pe_image_reader.cc(281)] could not read dos header from C:\Windows\system32\apphelp.dll
[0928/145133.612:ERROR:process_reader_win.cc(233)] ReadMemory at 0x76cc0000 of 64 bytes failed: 仅完成部分的 ReadProcessMemory 或 WriteProcessMemory 请求。 (0x12B)
[0928/145133.612:WARNING:pe_image_reader.cc(281)] could not read dos header from C:\Windows\SYSTEM32\msvcrt.dll
[0928/145133.612:ERROR:process_reader_win.cc(233)] ReadMemory at 0x742b0000 of 64 bytes failed: 仅完成部分的 ReadProcessMemory 或 WriteProcessMemory 请求。 (0x12B)
[0928/145133.612:WARNING:pe_image_reader.cc(281)] could not read dos header from C:\Windows\SYSTEM32\VERSION.dll
[0928/145133.612:ERROR:process_reader_win.cc(233)] ReadMemory at 0x6f350000 of 64 bytes failed: 仅完成部分的 ReadProcessMemory 或 WriteProcessMemory 请求。 (0x12B)
[0928/145133.612:WARNING:pe_image_reader.cc(281)] could not read dos header from C:\Program Files (x86)\Google\Chrome\Application\56.0.2924.87\chrome_elf.dll
[0928/145133.612:ERROR:process_reader_win.cc(233)] ReadMemory at 0x742e0000 of 64 bytes failed: 仅完成部分的 ReadProcessMemory 或 WriteProcessMemory 请求。 (0x12B)
[0928/145133.612:WARNING:pe_image_reader.cc(281)] could not read dos header from C:\Windows\SYSTEM32\bcryptPrimitives.dll
[0928/145133.612:ERROR:process_reader_win.cc(233)] ReadMemory at 0x74340000 of 64 bytes failed: 仅完成部分的 ReadProcessMemory 或 WriteProcessMemory 请求。 (0x12B)
[0928/145133.612:WARNING:pe_image_reader.cc(281)] could not read dos header from C:\Windows\SYSTEM32\CRYPTBASE.dll
[0928/145133.612:ERROR:process_reader_win.cc(233)] ReadMemory at 0x74350000 of 64 bytes failed: 仅完成部分的 ReadProcessMemory 或 WriteProcessMemory 请求。 (0x12B)
[0928/145133.612:WARNING:pe_image_reader.cc(281)] could not read dos header from C:\Windows\SYSTEM32\SspiCli.dll
[0928/145133.612:ERROR:process_reader_win.cc(233)] ReadMemory at 0x76f80000 of 64 bytes failed: 仅完成部分的 ReadProcessMemory 或 WriteProcessMemory 请求。 (0x12B)
[0928/145133.612:WARNING:pe_image_reader.cc(281)] could not read dos header from C:\Windows\SYSTEM32\RPCRT4.dll
[0928/145133.612:ERROR:process_reader_win.cc(233)] ReadMemory at 0x74610000 of 64 bytes failed: 仅完成部分的 ReadProcessMemory 或 WriteProcessMemory 请求。 (0x12B)
[0928/145133.612:WARNING:pe_image_reader.cc(281)] could not read dos header from C:\Windows\SYSTEM32\sechost.dll
[0928/145133.612:ERROR:process_reader_win.cc(233)] ReadMemory at 0x77200000 of 64 bytes failed: 仅完成部分的 ReadProcessMemory 或 WriteProcessMemory 请求。 (0x12B)
[0928/145133.612:WARNING:pe_image_reader.cc(281)] could not read dos header from C:\Windows\SYSTEM32\ADVAPI32.dll
[0928/145133.612:ERROR:process_reader_win.cc(233)] ReadMemory at 0x743d0000 of 64 bytes failed: 仅完成部分的 ReadProcessMemory 或 WriteProcessMemory 请求。 (0x12B)
[0928/145133.612:WARNING:pe_image_reader.cc(281)] could not read dos header from C:\Windows\SYSTEM32\PSAPI.DLL
[0928/145133.612:ERROR:process_reader_win.cc(233)] ReadMemory at 0x749c0000 of 64 bytes failed: 仅完成部分的 ReadProcessMemory 或 WriteProcessMemory 请求。 (0x12B)
[0928/145133.612:WARNING:pe_image_reader.cc(281)] could not read dos header from C:\Windows\SYSTEM32\combase.dll
[0928/145133.612:ERROR:process_reader_win.cc(233)] ReadMemory at 0x74880000 of 64 bytes failed: 仅完成部分的 ReadProcessMemory 或 WriteProcessMemory 请求。 (0x12B)
[0928/145133.612:WARNING:pe_image_reader.cc(281)] could not read dos header from C:\Windows\SYSTEM32\USER32.dll
[0928/145133.612:ERROR:process_reader_win.cc(233)] ReadMemory at 0x74b80000 of 64 bytes failed: 仅完成部分的 ReadProcessMemory 或 WriteProcessMemory 请求。 (0x12B)
[0928/145133.612:WARNING:pe_image_reader.cc(281)] could not read dos header from C:\Windows\SYSTEM32\GDI32.dll
[0928/145133.612:ERROR:process_reader_win.cc(233)] ReadMemory at 0x77030000 of 64 bytes failed: 仅完成部分的 ReadProcessMemory 或 WriteProcessMemory 请求。 (0x12B)
[0928/145133.612:WARNING:pe_image_reader.cc(281)] could not read dos header from C:\Windows\SYSTEM32\MSCTF.dll
[0928/145133.612:ERROR:process_reader_win.cc(233)] ReadMemory at 0x76be0000 of 64 bytes failed: 仅完成部分的 ReadProcessMemory 或 WriteProcessMemory 请求。 (0x12B)
[0928/145133.612:WARNING:pe_image_reader.cc(281)] could not read dos header from C:\Windows\SYSTEM32\IMM32.DLL
[0928/145133.612:ERROR:process_reader_win.cc(233)] ReadMemory at 0x76ed0000 of 64 bytes failed: 仅完成部分的 ReadProcessMemory 或 WriteProcessMemory 请求。 (0x12B)
[0928/145133.612:WARNING:pe_image_reader.cc(281)] could not read dos header from C:\Windows\SYSTEM32\shlwapi.dll
[0928/145133.612:ERROR:process_reader_win.cc(233)] ReadMemory at 0x76b30000 of 64 bytes failed: 仅完成部分的 ReadProcessMemory 或 WriteProcessMemory 请求。 (0x12B)
[0928/145133.612:WARNING:pe_image_reader.cc(281)] could not read dos header from C:\Windows\SYSTEM32\kernel.appcore.dll
[0928/145133.612:ERROR:process_reader_win.cc(233)] ReadMemory at 0x74cd0000 of 64 bytes failed: 仅完成部分的 ReadProcessMemory 或 WriteProcessMemory 请求。 (0x12B)
[0928/145133.613:WARNING:pe_image_reader.cc(281)] could not read dos header from C:\Windows\SYSTEM32\shcore.dll
[0928/145133.613:ERROR:process_reader_win.cc(233)] ReadMemory at 0x74370000 of 64 bytes failed: 仅完成部分的 ReadProcessMemory 或 WriteProcessMemory 请求。 (0x12B)
[0928/145133.613:WARNING:pe_image_reader.cc(281)] could not read dos header from C:\Windows\SYSTEM32\powrprof.dll
[0928/145133.613:ERROR:process_reader_win.cc(233)] ReadMemory at 0x77150000 of 64 bytes failed: 仅完成部分的 ReadProcessMemory 或 WriteProcessMemory 请求。 (0x12B)
[0928/145133.613:WARNING:pe_image_reader.cc(281)] could not read dos header from C:\Windows\SYSTEM32\profapi.dll
[0928/145133.613:ERROR:process_reader_win.cc(233)] ReadMemory at 0x76600000 of 64 bytes failed: 仅完成部分的 ReadProcessMemory 或 WriteProcessMemory 请求。 (0x12B)
[0928/145133.613:WARNING:pe_image_reader.cc(281)] could not read dos header from C:\Windows\SYSTEM32\windows.storage.dll
[0928/145133.613:ERROR:process_reader_win.cc(233)] ReadMemory at 0x74ec0000 of 64 bytes failed: 仅完成部分的 ReadProcessMemory 或 WriteProcessMemory 请求。 (0x12B)
[0928/145133.613:WARNING:pe_image_reader.cc(281)] could not read dos header from C:\Windows\SYSTEM32\SHELL32.dll
[0928/145133.613:ERROR:process_reader_win.cc(233)] ReadMemory at 0x77160000 of 64 bytes failed: 仅完成部分的 ReadProcessMemory 或 WriteProcessMemory 请求。 (0x12B)
[0928/145133.613:WARNING:pe_image_reader.cc(281)] could not read dos header from C:\Windows\SYSTEM32\OLEAUT32.dll
[0928/145133.613:ERROR:process_reader_win.cc(233)] ReadMemory at 0x76440000 of 64 bytes failed: 仅完成部分的 ReadProcessMemory 或 WriteProcessMemory 请求。 (0x12B)
[0928/145133.613:WARNING:pe_image_reader.cc(281)] could not read dos header from C:\Windows\SYSTEM32\cfgmgr32.dll
[0928/145133.613:ERROR:process_reader_win.cc(233)] ReadMemory at 0x73dc0000 of 64 bytes failed: 仅完成部分的 ReadProcessMemory 或 WriteProcessMemory 请求。 (0x12B)
[0928/145133.613:WARNING:pe_image_reader.cc(281)] could not read dos header from C:\Windows\SYSTEM32\DEVOBJ.dll
[0928/145133.613:ERROR:process_reader_win.cc(233)] ReadMemory at 0x73df0000 of 64 bytes failed: 仅完成部分的 ReadProcessMemory 或 WriteProcessMemory 请求。 (0x12B)
[0928/145133.613:WARNING:pe_image_reader.cc(281)] could not read dos header from C:\Windows\SYSTEM32\WINMMBASE.dll
[0928/145133.613:ERROR:process_reader_win.cc(233)] ReadMemory at 0x73e20000 of 64 bytes failed: 仅完成部分的 ReadProcessMemory 或 WriteProcessMemory 请求。 (0x12B)
[0928/145133.613:WARNING:pe_image_reader.cc(281)] could not read dos header from C:\Windows\SYSTEM32\WINMM.dll
[0928/145133.613:ERROR:process_reader_win.cc(233)] ReadMemory at 0x742a0000 of 64 bytes failed: 仅完成部分的 ReadProcessMemory 或 WriteProcessMemory 请求。 (0x12B)
[0928/145133.613:WARNING:pe_image_reader.cc(281)] could not read dos header from C:\Windows\SYSTEM32\WTSAPI32.dll
[0928/145133.613:ERROR:process_reader_win.cc(233)] ReadMemory at 0x742c0000 of 64 bytes failed: 仅完成部分的 ReadProcessMemory 或 WriteProcessMemory 请求。 (0x12B)
[0928/145133.613:WARNING:pe_image_reader.cc(281)] could not read dos header from C:\Windows\SYSTEM32\USERENV.dll
[0928/145133.613:ERROR:process_reader_win.cc(233)] ReadMemory at 0x73710000 of 64 bytes failed: 仅完成部分的 ReadProcessMemory 或 WriteProcessMemory 请求。 (0x12B)
[0928/145133.613:WARNING:pe_image_reader.cc(281)] could not read dos header from C:\Windows\SYSTEM32\WINHTTP.dll
[0928/145133.613:ERROR:process_reader_win.cc(233)] ReadMemory at 0x76d80000 of 64 bytes failed: 仅完成部分的 ReadProcessMemory 或 WriteProcessMemory 请求。 (0x12B)
[0928/145133.613:WARNING:pe_image_reader.cc(281)] could not read dos header from C:\Windows\SYSTEM32\ole32.dll
[0928/145133.613:ERROR:process_reader_win.cc(233)] ReadMemory at 0x746c0000 of 64 bytes failed: 仅完成部分的 ReadProcessMemory 或 WriteProcessMemory 请求。 (0x12B)
[0928/145133.613:WARNING:pe_image_reader.cc(281)] could not read dos header from C:\Windows\SYSTEM32\NSI.dll
[0928/145133.613:ERROR:process_reader_win.cc(233)] ReadMemory at 0x74660000 of 64 bytes failed: 仅完成部分的 ReadProcessMemory 或 WriteProcessMemory 请求。 (0x12B)
[0928/145133.613:WARNING:pe_image_reader.cc(281)] could not read dos header from C:\Windows\SYSTEM32\WS2_32.dll
[0928/145133.613:ERROR:process_reader_win.cc(233)] ReadMemory at 0x74160000 of 64 bytes failed: 仅完成部分的 ReadProcessMemory 或 WriteProcessMemory 请求。 (0x12B)
[0928/145133.613:WARNING:pe_image_reader.cc(281)] could not read dos header from C:\Windows\SYSTEM32\bcrypt.dll
[0928/145133.613:ERROR:process_reader_win.cc(233)] ReadMemory at 0x74180000 of 64 bytes failed: 仅完成部分的 ReadProcessMemory 或 WriteProcessMemory 请求。 (0x12B)
[0928/145133.613:WARNING:pe_image_reader.cc(281)] could not read dos header from C:\Windows\SYSTEM32\wkscli.dll
[0928/145133.613:ERROR:process_reader_win.cc(233)] ReadMemory at 0x740f0000 of 64 bytes failed: 仅完成部分的 ReadProcessMemory 或 WriteProcessMemory 请求。 (0x12B)
[0928/145133.613:WARNING:pe_image_reader.cc(281)] could not read dos header from C:\Windows\SYSTEM32\srvcli.dll
[0928/145133.613:ERROR:process_reader_win.cc(233)] ReadMemory at 0x74110000 of 64 bytes failed: 仅完成部分的 ReadProcessMemory 或 WriteProcessMemory 请求。 (0x12B)
[0928/145133.613:WARNING:pe_image_reader.cc(281)] could not read dos header from C:\Windows\SYSTEM32\netutils.dll
[0928/145133.614:ERROR:process_reader_win.cc(233)] ReadMemory at 0x74190000 of 64 bytes failed: 仅完成部分的 ReadProcessMemory 或 WriteProcessMemory 请求。 (0x12B)
[0928/145133.614:WARNING:pe_image_reader.cc(281)] could not read dos header from C:\Windows\SYSTEM32\NETAPI32.dll
[0928/145133.614:ERROR:process_reader_win.cc(233)] ReadMemory at 0x61a70000 of 64 bytes failed: 仅完成部分的 ReadProcessMemory 或 WriteProcessMemory 请求。 (0x12B)
[0928/145133.614:WARNING:pe_image_reader.cc(281)] could not read dos header from C:\360\360Safe\safemon\safemon.dll
[0928/145133.614:ERROR:process_reader_win.cc(233)] ReadMemory at 0x6f310000 of 64 bytes failed: 仅完成部分的 ReadProcessMemory 或 WriteProcessMemory 请求。 (0x12B)
[0928/145133.614:WARNING:pe_image_reader.cc(281)] could not read dos header from C:\360\360Safe\safemon\iNetSafe.dll
[0928/145133.614:ERROR:process_reader_win.cc(233)] ReadMemory at 0x72d50000 of 64 bytes failed: 仅完成部分的 ReadProcessMemory 或 WriteProcessMemory 请求。 (0x12B)
[0928/145133.614:WARNING:pe_image_reader.cc(281)] could not read dos header from C:\Windows\WinSxS\x86_microsoft.windows.common-controls_6595b64144ccf1df_6.0.10240.16384_none_3bccb1ff6bcd1849\COMCTL32.dll
[0928/145133.614:ERROR:process_reader_win.cc(233)] ReadMemory at 0x74550000 of 64 bytes failed: 仅完成部分的 ReadProcessMemory 或 WriteProcessMemory 请求。 (0x12B)
[0928/145133.614:WARNING:pe_image_reader.cc(281)] could not read dos header from C:\Windows\SYSTEM32\COMDLG32.dll
[0928/145133.614:ERROR:process_reader_win.cc(233)] ReadMemory at 0x72920000 of 64 bytes failed: 仅完成部分的 ReadProcessMemory 或 WriteProcessMemory 请求。 (0x12B)
[0928/145133.614:WARNING:pe_image_reader.cc(281)] could not read dos header from C:\Windows\SYSTEM32\dbghelp.dll
[0928/145133.614:ERROR:process_reader_win.cc(233)] ReadMemory at 0x727d0000 of 64 bytes failed: 仅完成部分的 ReadProcessMemory 或 WriteProcessMemory 请求。 (0x12B)
[0928/145133.614:WARNING:pe_image_reader.cc(281)] could not read dos header from C:\Windows\SYSTEM32\USP10.dll
[0928/145133.614:ERROR:process_reader_win.cc(233)] ReadMemory at 0x6fc40000 of 64 bytes failed: 仅完成部分的 ReadProcessMemory 或 WriteProcessMemory 请求。 (0x12B)
[0928/145133.614:WARNING:pe_image_reader.cc(281)] could not read dos header from C:\Windows\SYSTEM32\WINSPOOL.DRV
[0928/145133.614:ERROR:process_reader_win.cc(233)] ReadMemory at 0x74120000 of 64 bytes failed: 仅完成部分的 ReadProcessMemory 或 WriteProcessMemory 请求。 (0x12B)
[0928/145133.614:WARNING:pe_image_reader.cc(281)] could not read dos header from C:\Windows\SYSTEM32\WINNSI.DLL
[0928/145133.614:ERROR:process_reader_win.cc(233)] ReadMemory at 0x74130000 of 64 bytes failed: 仅完成部分的 ReadProcessMemory 或 WriteProcessMemory 请求。 (0x12B)
[0928/145133.614:WARNING:pe_image_reader.cc(281)] could not read dos header from C:\Windows\SYSTEM32\IPHLPAPI.DLL
[0928/145133.614:ERROR:process_reader_win.cc(233)] ReadMemory at 0x73d70000 of 64 bytes failed: 仅完成部分的 ReadProcessMemory 或 WriteProcessMemory 请求。 (0x12B)
[0928/145133.614:WARNING:pe_image_reader.cc(281)] could not read dos header from C:\Windows\SYSTEM32\Secur32.dll
[0928/145133.614:ERROR:process_reader_win.cc(233)] ReadMemory at 0x62a40000 of 64 bytes failed: 仅完成部分的 ReadProcessMemory 或 WriteProcessMemory 请求。 (0x12B)
[0928/145133.614:WARNING:pe_image_reader.cc(281)] could not read dos header from C:\Windows\SYSTEM32\DWrite.dll
[0928/145133.614:ERROR:process_reader_win.cc(233)] ReadMemory at 0x6eb70000 of 64 bytes failed: 仅完成部分的 ReadProcessMemory 或 WriteProcessMemory 请求。 (0x12B)
[0928/145133.614:WARNING:pe_image_reader.cc(281)] could not read dos header from C:\Windows\SYSTEM32\FONTSUB.dll
[0928/145133.614:ERROR:process_reader_win.cc(233)] ReadMemory at 0x74eb0000 of 64 bytes failed: 仅完成部分的 ReadProcessMemory 或 WriteProcessMemory 请求。 (0x12B)
[0928/145133.614:WARNING:pe_image_reader.cc(281)] could not read dos header from C:\Windows\SYSTEM32\MSASN1.dll
[0928/145133.614:ERROR:process_reader_win.cc(233)] ReadMemory at 0x762c0000 of 64 bytes failed: 仅完成部分的 ReadProcessMemory 或 WriteProcessMemory 请求。 (0x12B)
[0928/145133.614:WARNING:pe_image_reader.cc(281)] could not read dos header from C:\Windows\SYSTEM32\CRYPT32.dll
[0928/145133.614:ERROR:process_reader_win.cc(233)] ReadMemory at 0x76ae0000 of 64 bytes failed: 仅完成部分的 ReadProcessMemory 或 WriteProcessMemory 请求。 (0x12B)
[0928/145133.614:WARNING:pe_image_reader.cc(281)] could not read dos header from C:\Windows\SYSTEM32\WINTRUST.dll
[0928/145133.614:ERROR:process_reader_win.cc(233)] ReadMemory at 0xfd80000 of 64 bytes failed: 仅完成部分的 ReadProcessMemory 或 WriteProcessMemory 请求。 (0x12B)
[0928/145133.615:WARNING:pe_image_reader.cc(281)] could not read dos header from C:\Program Files (x86)\Google\Chrome\Application\56.0.2924.87\chrome_child.dll
[0928/145133.615:ERROR:process_reader_win.cc(233)] ReadMemory at 0x40000 of 64 bytes failed: 仅完成部分的 ReadProcessMemory 或 WriteProcessMemory 请求。 (0x12B)
[0928/145133.615:WARNING:pe_image_reader.cc(281)] could not read dos header from C:\Program Files (x86)\Google\Chrome\Application\chrome.exe
[0928/145133.615:ERROR:process_reader_win.cc(233)] ReadMemory at 0x77280000 of 64 bytes failed: 仅完成部分的 ReadProcessMemory 或 WriteProcessMemory 请求。 (0x12B)
[0928/145133.615:WARNING:pe_image_reader.cc(281)] could not read dos header from C:\Windows\SYSTEM32\ntdll.dll
[0928/145133.615:ERROR:process_reader_win.cc(233)] ReadMemory at 0x76480000 of 64 bytes failed: 仅完成部分的 ReadProcessMemory 或 WriteProcessMemory 请求。 (0x12B)
[0928/145133.615:WARNING:pe_image_reader.cc(281)] could not read dos header from C:\Windows\SYSTEM32\KERNELBASE.dll
[0928/145133.615:ERROR:process_reader_win.cc(233)] ReadMemory at 0x74d60000 of 64 bytes failed: 仅完成部分的 ReadProcessMemory 或 WriteProcessMemory 请求。 (0x12B)
[0928/145133.615:WARNING:pe_image_reader.cc(281)] could not read dos header from C:\Windows\SYSTEM32\KERNEL32.DLL
[0928/145133.615:ERROR:process_reader_win.cc(233)] ReadMemory at 0x6ea40000 of 64 bytes failed: 仅完成部分的 ReadProcessMemory 或 WriteProcessMemory 请求。 (0x12B)
[0928/145133.615:WARNING:pe_image_reader.cc(281)] could not read dos header from C:\Windows\system32\apphelp.dll
[0928/145133.615:ERROR:process_reader_win.cc(233)] ReadMemory at 0x76cc0000 of 64 bytes failed: 仅完成部分的 ReadProcessMemory 或 WriteProcessMemory 请求。 (0x12B)
[0928/145133.615:WARNING:pe_image_reader.cc(281)] could not read dos header from C:\Windows\SYSTEM32\msvcrt.dll
[0928/145133.615:ERROR:process_reader_win.cc(233)] ReadMemory at 0x742b0000 of 64 bytes failed: 仅完成部分的 ReadProcessMemory 或 WriteProcessMemory 请求。 (0x12B)
[0928/145133.615:WARNING:pe_image_reader.cc(281)] could not read dos header from C:\Windows\SYSTEM32\VERSION.dll
[0928/145133.615:ERROR:process_reader_win.cc(233)] ReadMemory at 0x6f350000 of 64 bytes failed: 仅完成部分的 ReadProcessMemory 或 WriteProcessMemory 请求。 (0x12B)
[0928/145133.615:WARNING:pe_image_reader.cc(281)] could not read dos header from C:\Program Files (x86)\Google\Chrome\Application\56.0.2924.87\chrome_elf.dll
[0928/145133.615:ERROR:process_reader_win.cc(233)] ReadMemory at 0x742e0000 of 64 bytes failed: 仅完成部分的 ReadProcessMemory 或 WriteProcessMemory 请求。 (0x12B)
[0928/145133.615:WARNING:pe_image_reader.cc(281)] could not read dos header from C:\Windows\SYSTEM32\bcryptPrimitives.dll
[0928/145133.615:ERROR:process_reader_win.cc(233)] ReadMemory at 0x74340000 of 64 bytes failed: 仅完成部分的 ReadProcessMemory 或 WriteProcessMemory 请求。 (0x12B)
[0928/145133.615:WARNING:pe_image_reader.cc(281)] could not read dos header from C:\Windows\SYSTEM32\CRYPTBASE.dll
[0928/145133.615:ERROR:process_reader_win.cc(233)] ReadMemory at 0x74350000 of 64 bytes failed: 仅完成部分的 ReadProcessMemory 或 WriteProcessMemory 请求。 (0x12B)
[0928/145133.615:WARNING:pe_image_reader.cc(281)] could not read dos header from C:\Windows\SYSTEM32\SspiCli.dll
[0928/145133.615:ERROR:process_reader_win.cc(233)] ReadMemory at 0x76f80000 of 64 bytes failed: 仅完成部分的 ReadProcessMemory 或 WriteProcessMemory 请求。 (0x12B)
[0928/145133.615:WARNING:pe_image_reader.cc(281)] could not read dos header from C:\Windows\SYSTEM32\RPCRT4.dll
[0928/145133.615:ERROR:process_reader_win.cc(233)] ReadMemory at 0x74610000 of 64 bytes failed: 仅完成部分的 ReadProcessMemory 或 WriteProcessMemory 请求。 (0x12B)
[0928/145133.615:WARNING:pe_image_reader.cc(281)] could not read dos header from C:\Windows\SYSTEM32\sechost.dll
[0928/145133.615:ERROR:process_reader_win.cc(233)] ReadMemory at 0x77200000 of 64 bytes failed: 仅完成部分的 ReadProcessMemory 或 WriteProcessMemory 请求。 (0x12B)
[0928/145133.615:WARNING:pe_image_reader.cc(281)] could not read dos header from C:\Windows\SYSTEM32\ADVAPI32.dll
[0928/145133.615:ERROR:process_reader_win.cc(233)] ReadMemory at 0x743d0000 of 64 bytes failed: 仅完成部分的 ReadProcessMemory 或 WriteProcessMemory 请求。 (0x12B)
[0928/145133.615:WARNING:pe_image_reader.cc(281)] could not read dos header from C:\Windows\SYSTEM32\PSAPI.DLL
[0928/145133.615:ERROR:process_reader_win.cc(233)] ReadMemory at 0x749c0000 of 64 bytes failed: 仅完成部分的 ReadProcessMemory 或 WriteProcessMemory 请求。 (0x12B)
[0928/145133.615:WARNING:pe_image_reader.cc(281)] could not read dos header from C:\Windows\SYSTEM32\combase.dll
[0928/145133.615:ERROR:process_reader_win.cc(233)] ReadMemory at 0x74880000 of 64 bytes failed: 仅完成部分的 ReadProcessMemory 或 WriteProcessMemory 请求。 (0x12B)
[0928/145133.615:WARNING:pe_image_reader.cc(281)] could not read dos header from C:\Windows\SYSTEM32\USER32.dll
[0928/145133.615:ERROR:process_reader_win.cc(233)] ReadMemory at 0x74b80000 of 64 bytes failed: 仅完成部分的 ReadProcessMemory 或 WriteProcessMemory 请求。 (0x12B)
[0928/145133.615:WARNING:pe_image_reader.cc(281)] could not read dos header from C:\Windows\SYSTEM32\GDI32.dll
[0928/145133.615:ERROR:process_reader_win.cc(233)] ReadMemory at 0x77030000 of 64 bytes failed: 仅完成部分的 ReadProcessMemory 或 WriteProcessMemory 请求。 (0x12B)
[0928/145133.615:WARNING:pe_image_reader.cc(281)] could not read dos header from C:\Windows\SYSTEM32\MSCTF.dll
[0928/145133.615:ERROR:process_reader_win.cc(233)] ReadMemory at 0x76be0000 of 64 bytes failed: 仅完成部分的 ReadProcessMemory 或 WriteProcessMemory 请求。 (0x12B)
[0928/145133.615:WARNING:pe_image_reader.cc(281)] could not read dos header from C:\Windows\SYSTEM32\IMM32.DLL
[0928/145133.615:ERROR:process_reader_win.cc(233)] ReadMemory at 0x76ed0000 of 64 bytes failed: 仅完成部分的 ReadProcessMemory 或 WriteProcessMemory 请求。 (0x12B)
[0928/145133.615:WARNING:pe_image_reader.cc(281)] could not read dos header from C:\Windows\SYSTEM32\shlwapi.dll
[0928/145133.616:ERROR:process_reader_win.cc(233)] ReadMemory at 0x76b30000 of 64 bytes failed: 仅完成部分的 ReadProcessMemory 或 WriteProcessMemory 请求。 (0x12B)
[0928/145133.616:WARNING:pe_image_reader.cc(281)] could not read dos header from C:\Windows\SYSTEM32\kernel.appcore.dll
[0928/145133.616:ERROR:process_reader_win.cc(233)] ReadMemory at 0x74cd0000 of 64 bytes failed: 仅完成部分的 ReadProcessMemory 或 WriteProcessMemory 请求。 (0x12B)
[0928/145133.616:WARNING:pe_image_reader.cc(281)] could not read dos header from C:\Windows\SYSTEM32\shcore.dll
[0928/145133.616:ERROR:process_reader_win.cc(233)] ReadMemory at 0x74370000 of 64 bytes failed: 仅完成部分的 ReadProcessMemory 或 WriteProcessMemory 请求。 (0x12B)
[0928/145133.616:WARNING:pe_image_reader.cc(281)] could not read dos header from C:\Windows\SYSTEM32\powrprof.dll
[0928/145133.616:ERROR:process_reader_win.cc(233)] ReadMemory at 0x77150000 of 64 bytes failed: 仅完成部分的 ReadProcessMemory 或 WriteProcessMemory 请求。 (0x12B)
[0928/145133.616:WARNING:pe_image_reader.cc(281)] could not read dos header from C:\Windows\SYSTEM32\profapi.dll
[0928/145133.616:ERROR:process_reader_win.cc(233)] ReadMemory at 0x76600000 of 64 bytes failed: 仅完成部分的 ReadProcessMemory 或 WriteProcessMemory 请求。 (0x12B)
[0928/145133.616:WARNING:pe_image_reader.cc(281)] could not read dos header from C:\Windows\SYSTEM32\windows.storage.dll
[0928/145133.616:ERROR:process_reader_win.cc(233)] ReadMemory at 0x74ec0000 of 64 bytes failed: 仅完成部分的 ReadProcessMemory 或 WriteProcessMemory 请求。 (0x12B)
[0928/145133.616:WARNING:pe_image_reader.cc(281)] could not read dos header from C:\Windows\SYSTEM32\SHELL32.dll
[0928/145133.616:ERROR:process_reader_win.cc(233)] ReadMemory at 0x77160000 of 64 bytes failed: 仅完成部分的 ReadProcessMemory 或 WriteProcessMemory 请求。 (0x12B)
[0928/145133.616:WARNING:pe_image_reader.cc(281)] could not read dos header from C:\Windows\SYSTEM32\OLEAUT32.dll
[0928/145133.616:ERROR:process_reader_win.cc(233)] ReadMemory at 0x76440000 of 64 bytes failed: 仅完成部分的 ReadProcessMemory 或 WriteProcessMemory 请求。 (0x12B)
[0928/145133.616:WARNING:pe_image_reader.cc(281)] could not read dos header from C:\Windows\SYSTEM32\cfgmgr32.dll
[0928/145133.616:ERROR:process_reader_win.cc(233)] ReadMemory at 0x73dc0000 of 64 bytes failed: 仅完成部分的 ReadProcessMemory 或 WriteProcessMemory 请求。 (0x12B)
[0928/145133.616:WARNING:pe_image_reader.cc(281)] could not read dos header from C:\Windows\SYSTEM32\DEVOBJ.dll
[0928/145133.616:ERROR:process_reader_win.cc(233)] ReadMemory at 0x73df0000 of 64 bytes failed: 仅完成部分的 ReadProcessMemory 或 WriteProcessMemory 请求。 (0x12B)
[0928/145133.616:WARNING:pe_image_reader.cc(281)] could not read dos header from C:\Windows\SYSTEM32\WINMMBASE.dll
[0928/145133.616:ERROR:process_reader_win.cc(233)] ReadMemory at 0x73e20000 of 64 bytes failed: 仅完成部分的 ReadProcessMemory 或 WriteProcessMemory 请求。 (0x12B)
[0928/145133.616:WARNING:pe_image_reader.cc(281)] could not read dos header from C:\Windows\SYSTEM32\WINMM.dll
[0928/145133.616:ERROR:process_reader_win.cc(233)] ReadMemory at 0x742a0000 of 64 bytes failed: 仅完成部分的 ReadProcessMemory 或 WriteProcessMemory 请求。 (0x12B)
[0928/145133.616:WARNING:pe_image_reader.cc(281)] could not read dos header from C:\Windows\SYSTEM32\WTSAPI32.dll
[0928/145133.616:ERROR:process_reader_win.cc(233)] ReadMemory at 0x742c0000 of 64 bytes failed: 仅完成部分的 ReadProcessMemory 或 WriteProcessMemory 请求。 (0x12B)
[0928/145133.616:WARNING:pe_image_reader.cc(281)] could not read dos header from C:\Windows\SYSTEM32\USERENV.dll
[0928/145133.616:ERROR:process_reader_win.cc(233)] ReadMemory at 0x73710000 of 64 bytes failed: 仅完成部分的 ReadProcessMemory 或 WriteProcessMemory 请求。 (0x12B)
[0928/145133.616:WARNING:pe_image_reader.cc(281)] could not read dos header from C:\Windows\SYSTEM32\WINHTTP.dll
[0928/145133.616:ERROR:process_reader_win.cc(233)] ReadMemory at 0x76d80000 of 64 bytes failed: 仅完成部分的 ReadProcessMemory 或 WriteProcessMemory 请求。 (0x12B)
[0928/145133.616:WARNING:pe_image_reader.cc(281)] could not read dos header from C:\Windows\SYSTEM32\ole32.dll
[0928/145133.616:ERROR:process_reader_win.cc(233)] ReadMemory at 0x746c0000 of 64 bytes failed: 仅完成部分的 ReadProcessMemory 或 WriteProcessMemory 请求。 (0x12B)
[0928/145133.616:WARNING:pe_image_reader.cc(281)] could not read dos header from C:\Windows\SYSTEM32\NSI.dll
[0928/145133.616:ERROR:process_reader_win.cc(233)] ReadMemory at 0x74660000 of 64 bytes failed: 仅完成部分的 ReadProcessMemory 或 WriteProcessMemory 请求。 (0x12B)
[0928/145133.616:WARNING:pe_image_reader.cc(281)] could not read dos header from C:\Windows\SYSTEM32\WS2_32.dll
[0928/145133.616:ERROR:process_reader_win.cc(233)] ReadMemory at 0x74160000 of 64 bytes failed: 仅完成部分的 ReadProcessMemory 或 WriteProcessMemory 请求。 (0x12B)
[0928/145133.616:WARNING:pe_image_reader.cc(281)] could not read dos header from C:\Windows\SYSTEM32\bcrypt.dll
[0928/145133.616:ERROR:process_reader_win.cc(233)] ReadMemory at 0x74180000 of 64 bytes failed: 仅完成部分的 ReadProcessMemory 或 WriteProcessMemory 请求。 (0x12B)
[0928/145133.616:WARNING:pe_image_reader.cc(281)] could not read dos header from C:\Windows\SYSTEM32\wkscli.dll
[0928/145133.616:ERROR:process_reader_win.cc(233)] ReadMemory at 0x740f0000 of 64 bytes failed: 仅完成部分的 ReadProcessMemory 或 WriteProcessMemory 请求。 (0x12B)
[0928/145133.617:WARNING:pe_image_reader.cc(281)] could not read dos header from C:\Windows\SYSTEM32\srvcli.dll
[0928/145133.617:ERROR:process_reader_win.cc(233)] ReadMemory at 0x74110000 of 64 bytes failed: 仅完成部分的 ReadProcessMemory 或 WriteProcessMemory 请求。 (0x12B)
[0928/145133.617:WARNING:pe_image_reader.cc(281)] could not read dos header from C:\Windows\SYSTEM32\netutils.dll
[0928/145133.617:ERROR:process_reader_win.cc(233)] ReadMemory at 0x74190000 of 64 bytes failed: 仅完成部分的 ReadProcessMemory 或 WriteProcessMemory 请求。 (0x12B)
[0928/145133.617:WARNING:pe_image_reader.cc(281)] could not read dos header from C:\Windows\SYSTEM32\NETAPI32.dll
[0928/145133.617:ERROR:process_reader_win.cc(233)] ReadMemory at 0x61a70000 of 64 bytes failed: 仅完成部分的 ReadProcessMemory 或 WriteProcessMemory 请求。 (0x12B)
[0928/145133.617:WARNING:pe_image_reader.cc(281)] could not read dos header from C:\360\360Safe\safemon\safemon.dll
[0928/145133.617:ERROR:process_reader_win.cc(233)] ReadMemory at 0x6f310000 of 64 bytes failed: 仅完成部分的 ReadProcessMemory 或 WriteProcessMemory 请求。 (0x12B)
[0928/145133.617:WARNING:pe_image_reader.cc(281)] could not read dos header from C:\360\360Safe\safemon\iNetSafe.dll
[0928/145133.617:ERROR:process_reader_win.cc(233)] ReadMemory at 0x72d50000 of 64 bytes failed: 仅完成部分的 ReadProcessMemory 或 WriteProcessMemory 请求。 (0x12B)
[0928/145133.617:WARNING:pe_image_reader.cc(281)] could not read dos header from C:\Windows\WinSxS\x86_microsoft.windows.common-controls_6595b64144ccf1df_6.0.10240.16384_none_3bccb1ff6bcd1849\COMCTL32.dll
[0928/145133.617:ERROR:process_reader_win.cc(233)] ReadMemory at 0x74550000 of 64 bytes failed: 仅完成部分的 ReadProcessMemory 或 WriteProcessMemory 请求。 (0x12B)
[0928/145133.617:WARNING:pe_image_reader.cc(281)] could not read dos header from C:\Windows\SYSTEM32\COMDLG32.dll
[0928/145133.617:ERROR:process_reader_win.cc(233)] ReadMemory at 0x72920000 of 64 bytes failed: 仅完成部分的 ReadProcessMemory 或 WriteProcessMemory 请求。 (0x12B)
[0928/145133.617:WARNING:pe_image_reader.cc(281)] could not read dos header from C:\Windows\SYSTEM32\dbghelp.dll
[0928/145133.617:ERROR:process_reader_win.cc(233)] ReadMemory at 0x727d0000 of 64 bytes failed: 仅完成部分的 ReadProcessMemory 或 WriteProcessMemory 请求。 (0x12B)
[0928/145133.617:WARNING:pe_image_reader.cc(281)] could not read dos header from C:\Windows\SYSTEM32\USP10.dll
[0928/145133.617:ERROR:process_reader_win.cc(233)] ReadMemory at 0x6fc40000 of 64 bytes failed: 仅完成部分的 ReadProcessMemory 或 WriteProcessMemory 请求。 (0x12B)
[0928/145133.617:WARNING:pe_image_reader.cc(281)] could not read dos header from C:\Windows\SYSTEM32\WINSPOOL.DRV
[0928/145133.617:ERROR:process_reader_win.cc(233)] ReadMemory at 0x74120000 of 64 bytes failed: 仅完成部分的 ReadProcessMemory 或 WriteProcessMemory 请求。 (0x12B)
[0928/145133.617:WARNING:pe_image_reader.cc(281)] could not read dos header from C:\Windows\SYSTEM32\WINNSI.DLL
[0928/145133.617:ERROR:process_reader_win.cc(233)] ReadMemory at 0x74130000 of 64 bytes failed: 仅完成部分的 ReadProcessMemory 或 WriteProcessMemory 请求。 (0x12B)
[0928/145133.617:WARNING:pe_image_reader.cc(281)] could not read dos header from C:\Windows\SYSTEM32\IPHLPAPI.DLL
[0928/145133.617:ERROR:process_reader_win.cc(233)] ReadMemory at 0x73d70000 of 64 bytes failed: 仅完成部分的 ReadProcessMemory 或 WriteProcessMemory 请求。 (0x12B)
[0928/145133.617:WARNING:pe_image_reader.cc(281)] could not read dos header from C:\Windows\SYSTEM32\Secur32.dll
[0928/145133.617:ERROR:process_reader_win.cc(233)] ReadMemory at 0x62a40000 of 64 bytes failed: 仅完成部分的 ReadProcessMemory 或 WriteProcessMemory 请求。 (0x12B)
[0928/145133.617:WARNING:pe_image_reader.cc(281)] could not read dos header from C:\Windows\SYSTEM32\DWrite.dll
[0928/145133.617:ERROR:process_reader_win.cc(233)] ReadMemory at 0x6eb70000 of 64 bytes failed: 仅完成部分的 ReadProcessMemory 或 WriteProcessMemory 请求。 (0x12B)
[0928/145133.617:WARNING:pe_image_reader.cc(281)] could not read dos header from C:\Windows\SYSTEM32\FONTSUB.dll
[0928/145133.617:ERROR:process_reader_win.cc(233)] ReadMemory at 0x74eb0000 of 64 bytes failed: 仅完成部分的 ReadProcessMemory 或 WriteProcessMemory 请求。 (0x12B)
[0928/145133.617:WARNING:pe_image_reader.cc(281)] could not read dos header from C:\Windows\SYSTEM32\MSASN1.dll
[0928/145133.617:ERROR:process_reader_win.cc(233)] ReadMemory at 0x762c0000 of 64 bytes failed: 仅完成部分的 ReadProcessMemory 或 WriteProcessMemory 请求。 (0x12B)
[0928/145133.617:WARNING:pe_image_reader.cc(281)] could not read dos header from C:\Windows\SYSTEM32\CRYPT32.dll
[0928/145133.617:ERROR:process_reader_win.cc(233)] ReadMemory at 0x76ae0000 of 64 bytes failed: 仅完成部分的 ReadProcessMemory 或 WriteProcessMemory 请求。 (0x12B)
[0928/145133.617:WARNING:pe_image_reader.cc(281)] could not read dos header from C:\Windows\SYSTEM32\WINTRUST.dll
[0928/145133.617:ERROR:process_reader_win.cc(233)] ReadMemory at 0xfd80000 of 64 bytes failed: 仅完成部分的 ReadProcessMemory 或 WriteProcessMemory 请求。 (0x12B)
[0928/145133.617:WARNING:pe_image_reader.cc(281)] could not read dos header from C:\Program Files (x86)\Google\Chrome\Application\56.0.2924.87\chrome_child.dll
[0928/145133.618:ERROR:process_reader_win.cc(233)] ReadMemory at 0x40000 of 64 bytes failed: 仅完成部分的 ReadProcessMemory 或 WriteProcessMemory 请求。 (0x12B)
[0928/145133.618:WARNING:pe_image_reader.cc(281)] could not read dos header from C:\Program Files (x86)\Google\Chrome\Application\chrome.exe
[0928/145133.618:ERROR:process_reader_win.cc(233)] ReadMemory at 0x77280000 of 64 bytes failed: 仅完成部分的 ReadProcessMemory 或 WriteProcessMemory 请求。 (0x12B)
[0928/145133.618:WARNING:pe_image_reader.cc(281)] could not read dos header from C:\Windows\SYSTEM32\ntdll.dll
[0928/145133.618:ERROR:process_reader_win.cc(233)] ReadMemory at 0x76480000 of 64 bytes failed: 仅完成部分的 ReadProcessMemory 或 WriteProcessMemory 请求。 (0x12B)
[0928/145133.618:WARNING:pe_image_reader.cc(281)] could not read dos header from C:\Windows\SYSTEM32\KERNELBASE.dll
[0928/145133.618:ERROR:process_reader_win.cc(233)] ReadMemory at 0x74d60000 of 64 bytes failed: 仅完成部分的 ReadProcessMemory 或 WriteProcessMemory 请求。 (0x12B)
[0928/145133.618:WARNING:pe_image_reader.cc(281)] could not read dos header from C:\Windows\SYSTEM32\KERNEL32.DLL
[0928/145133.618:ERROR:process_reader_win.cc(233)] ReadMemory at 0x6ea40000 of 64 bytes failed: 仅完成部分的 ReadProcessMemory 或 WriteProcessMemory 请求。 (0x12B)
[0928/145133.618:WARNING:pe_image_reader.cc(281)] could not read dos header from C:\Windows\system32\apphelp.dll
[0928/145133.618:ERROR:process_reader_win.cc(233)] ReadMemory at 0x76cc0000 of 64 bytes failed: 仅完成部分的 ReadProcessMemory 或 WriteProcessMemory 请求。 (0x12B)
[0928/145133.618:WARNING:pe_image_reader.cc(281)] could not read dos header from C:\Windows\SYSTEM32\msvcrt.dll
[0928/145133.618:ERROR:process_reader_win.cc(233)] ReadMemory at 0x742b0000 of 64 bytes failed: 仅完成部分的 ReadProcessMemory 或 WriteProcessMemory 请求。 (0x12B)
[0928/145133.618:WARNING:pe_image_reader.cc(281)] could not read dos header from C:\Windows\SYSTEM32\VERSION.dll
[0928/145133.618:ERROR:process_reader_win.cc(233)] ReadMemory at 0x6f350000 of 64 bytes failed: 仅完成部分的 ReadProcessMemory 或 WriteProcessMemory 请求。 (0x12B)
[0928/145133.618:WARNING:pe_image_reader.cc(281)] could not read dos header from C:\Program Files (x86)\Google\Chrome\Application\56.0.2924.87\chrome_elf.dll
[0928/145133.618:ERROR:process_reader_win.cc(233)] ReadMemory at 0x742e0000 of 64 bytes failed: 仅完成部分的 ReadProcessMemory 或 WriteProcessMemory 请求。 (0x12B)
[0928/145133.618:WARNING:pe_image_reader.cc(281)] could not read dos header from C:\Windows\SYSTEM32\bcryptPrimitives.dll
[0928/145133.618:ERROR:process_reader_win.cc(233)] ReadMemory at 0x74340000 of 64 bytes failed: 仅完成部分的 ReadProcessMemory 或 WriteProcessMemory 请求。 (0x12B)
[0928/145133.618:WARNING:pe_image_reader.cc(281)] could not read dos header from C:\Windows\SYSTEM32\CRYPTBASE.dll
[0928/145133.618:ERROR:process_reader_win.cc(233)] ReadMemory at 0x74350000 of 64 bytes failed: 仅完成部分的 ReadProcessMemory 或 WriteProcessMemory 请求。 (0x12B)
[0928/145133.618:WARNING:pe_image_reader.cc(281)] could not read dos header from C:\Windows\SYSTEM32\SspiCli.dll
[0928/145133.618:ERROR:process_reader_win.cc(233)] ReadMemory at 0x76f80000 of 64 bytes failed: 仅完成部分的 ReadProcessMemory 或 WriteProcessMemory 请求。 (0x12B)
[0928/145133.618:WARNING:pe_image_reader.cc(281)] could not read dos header from C:\Windows\SYSTEM32\RPCRT4.dll
[0928/145133.618:ERROR:process_reader_win.cc(233)] ReadMemory at 0x74610000 of 64 bytes failed: 仅完成部分的 ReadProcessMemory 或 WriteProcessMemory 请求。 (0x12B)
[0928/145133.618:WARNING:pe_image_reader.cc(281)] could not read dos header from C:\Windows\SYSTEM32\sechost.dll
[0928/145133.618:ERROR:process_reader_win.cc(233)] ReadMemory at 0x77200000 of 64 bytes failed: 仅完成部分的 ReadProcessMemory 或 WriteProcessMemory 请求。 (0x12B)
[0928/145133.618:WARNING:pe_image_reader.cc(281)] could not read dos header from C:\Windows\SYSTEM32\ADVAPI32.dll
[0928/145133.618:ERROR:process_reader_win.cc(233)] ReadMemory at 0x743d0000 of 64 bytes failed: 仅完成部分的 ReadProcessMemory 或 WriteProcessMemory 请求。 (0x12B)
[0928/145133.618:WARNING:pe_image_reader.cc(281)] could not read dos header from C:\Windows\SYSTEM32\PSAPI.DLL
[0928/145133.618:ERROR:process_reader_win.cc(233)] ReadMemory at 0x749c0000 of 64 bytes failed: 仅完成部分的 ReadProcessMemory 或 WriteProcessMemory 请求。 (0x12B)
[0928/145133.618:WARNING:pe_image_reader.cc(281)] could not read dos header from C:\Windows\SYSTEM32\combase.dll
[0928/145133.618:ERROR:process_reader_win.cc(233)] ReadMemory at 0x74880000 of 64 bytes failed: 仅完成部分的 ReadProcessMemory 或 WriteProcessMemory 请求。 (0x12B)
[0928/145133.618:WARNING:pe_image_reader.cc(281)] could not read dos header from C:\Windows\SYSTEM32\USER32.dll
[0928/145133.618:ERROR:process_reader_win.cc(233)] ReadMemory at 0x74b80000 of 64 bytes failed: 仅完成部分的 ReadProcessMemory 或 WriteProcessMemory 请求。 (0x12B)
[0928/145133.618:WARNING:pe_image_reader.cc(281)] could not read dos header from C:\Windows\SYSTEM32\GDI32.dll
[0928/145133.618:ERROR:process_reader_win.cc(233)] ReadMemory at 0x77030000 of 64 bytes failed: 仅完成部分的 ReadProcessMemory 或 WriteProcessMemory 请求。 (0x12B)
[0928/145133.619:WARNING:pe_image_reader.cc(281)] could not read dos header from C:\Windows\SYSTEM32\MSCTF.dll
[0928/145133.619:ERROR:process_reader_win.cc(233)] ReadMemory at 0x76be0000 of 64 bytes failed: 仅完成部分的 ReadProcessMemory 或 WriteProcessMemory 请求。 (0x12B)
[0928/145133.619:WARNING:pe_image_reader.cc(281)] could not read dos header from C:\Windows\SYSTEM32\IMM32.DLL
[0928/145133.619:ERROR:process_reader_win.cc(233)] ReadMemory at 0x76ed0000 of 64 bytes failed: 仅完成部分的 ReadProcessMemory 或 WriteProcessMemory 请求。 (0x12B)
[0928/145133.619:WARNING:pe_image_reader.cc(281)] could not read dos header from C:\Windows\SYSTEM32\shlwapi.dll
[0928/145133.619:ERROR:process_reader_win.cc(233)] ReadMemory at 0x76b30000 of 64 bytes failed: 仅完成部分的 ReadProcessMemory 或 WriteProcessMemory 请求。 (0x12B)
[0928/145133.619:WARNING:pe_image_reader.cc(281)] could not read dos header from C:\Windows\SYSTEM32\kernel.appcore.dll
[0928/145133.619:ERROR:process_reader_win.cc(233)] ReadMemory at 0x74cd0000 of 64 bytes failed: 仅完成部分的 ReadProcessMemory 或 WriteProcessMemory 请求。 (0x12B)
[0928/145133.619:WARNING:pe_image_reader.cc(281)] could not read dos header from C:\Windows\SYSTEM32\shcore.dll
[0928/145133.619:ERROR:process_reader_win.cc(233)] ReadMemory at 0x74370000 of 64 bytes failed: 仅完成部分的 ReadProcessMemory 或 WriteProcessMemory 请求。 (0x12B)
[0928/145133.619:WARNING:pe_image_reader.cc(281)] could not read dos header from C:\Windows\SYSTEM32\powrprof.dll
[0928/145133.619:ERROR:process_reader_win.cc(233)] ReadMemory at 0x77150000 of 64 bytes failed: 仅完成部分的 ReadProcessMemory 或 WriteProcessMemory 请求。 (0x12B)
[0928/145133.619:WARNING:pe_image_reader.cc(281)] could not read dos header from C:\Windows\SYSTEM32\profapi.dll
[0928/145133.619:ERROR:process_reader_win.cc(233)] ReadMemory at 0x76600000 of 64 bytes failed: 仅完成部分的 ReadProcessMemory 或 WriteProcessMemory 请求。 (0x12B)
[0928/145133.619:WARNING:pe_image_reader.cc(281)] could not read dos header from C:\Windows\SYSTEM32\windows.storage.dll
[0928/145133.619:ERROR:process_reader_win.cc(233)] ReadMemory at 0x74ec0000 of 64 bytes failed: 仅完成部分的 ReadProcessMemory 或 WriteProcessMemory 请求。 (0x12B)
[0928/145133.619:WARNING:pe_image_reader.cc(281)] could not read dos header from C:\Windows\SYSTEM32\SHELL32.dll
[0928/145133.619:ERROR:process_reader_win.cc(233)] ReadMemory at 0x77160000 of 64 bytes failed: 仅完成部分的 ReadProcessMemory 或 WriteProcessMemory 请求。 (0x12B)
[0928/145133.619:WARNING:pe_image_reader.cc(281)] could not read dos header from C:\Windows\SYSTEM32\OLEAUT32.dll
[0928/145133.619:ERROR:process_reader_win.cc(233)] ReadMemory at 0x76440000 of 64 bytes failed: 仅完成部分的 ReadProcessMemory 或 WriteProcessMemory 请求。 (0x12B)
[0928/145133.619:WARNING:pe_image_reader.cc(281)] could not read dos header from C:\Windows\SYSTEM32\cfgmgr32.dll
[0928/145133.619:ERROR:process_reader_win.cc(233)] ReadMemory at 0x73dc0000 of 64 bytes failed: 仅完成部分的 ReadProcessMemory 或 WriteProcessMemory 请求。 (0x12B)
[0928/145133.619:WARNING:pe_image_reader.cc(281)] could not read dos header from C:\Windows\SYSTEM32\DEVOBJ.dll
[0928/145133.619:ERROR:process_reader_win.cc(233)] ReadMemory at 0x73df0000 of 64 bytes failed: 仅完成部分的 ReadProcessMemory 或 WriteProcessMemory 请求。 (0x12B)
[0928/145133.619:WARNING:pe_image_reader.cc(281)] could not read dos header from C:\Windows\SYSTEM32\WINMMBASE.dll
[0928/145133.619:ERROR:process_reader_win.cc(233)] ReadMemory at 0x73e20000 of 64 bytes failed: 仅完成部分的 ReadProcessMemory 或 WriteProcessMemory 请求。 (0x12B)
[0928/145133.619:WARNING:pe_image_reader.cc(281)] could not read dos header from C:\Windows\SYSTEM32\WINMM.dll
[0928/145133.619:ERROR:process_reader_win.cc(233)] ReadMemory at 0x742a0000 of 64 bytes failed: 仅完成部分的 ReadProcessMemory 或 WriteProcessMemory 请求。 (0x12B)
[0928/145133.619:WARNING:pe_image_reader.cc(281)] could not read dos header from C:\Windows\SYSTEM32\WTSAPI32.dll
[0928/145133.619:ERROR:process_reader_win.cc(233)] ReadMemory at 0x742c0000 of 64 bytes failed: 仅完成部分的 ReadProcessMemory 或 WriteProcessMemory 请求。 (0x12B)
[0928/145133.619:WARNING:pe_image_reader.cc(281)] could not read dos header from C:\Windows\SYSTEM32\USERENV.dll
[0928/145133.619:ERROR:process_reader_win.cc(233)] ReadMemory at 0x73710000 of 64 bytes failed: 仅完成部分的 ReadProcessMemory 或 WriteProcessMemory 请求。 (0x12B)
[0928/145133.619:WARNING:pe_image_reader.cc(281)] could not read dos header from C:\Windows\SYSTEM32\WINHTTP.dll
[0928/145133.619:ERROR:process_reader_win.cc(233)] ReadMemory at 0x76d80000 of 64 bytes failed: 仅完成部分的 ReadProcessMemory 或 WriteProcessMemory 请求。 (0x12B)
[0928/145133.619:WARNING:pe_image_reader.cc(281)] could not read dos header from C:\Windows\SYSTEM32\ole32.dll
[0928/145133.619:ERROR:process_reader_win.cc(233)] ReadMemory at 0x746c0000 of 64 bytes failed: 仅完成部分的 ReadProcessMemory 或 WriteProcessMemory 请求。 (0x12B)
[0928/145133.619:WARNING:pe_image_reader.cc(281)] could not read dos header from C:\Windows\SYSTEM32\NSI.dll
[0928/145133.620:ERROR:process_reader_win.cc(233)] ReadMemory at 0x74660000 of 64 bytes failed: 仅完成部分的 ReadProcessMemory 或 WriteProcessMemory 请求。 (0x12B)
[0928/145133.620:WARNING:pe_image_reader.cc(281)] could not read dos header from C:\Windows\SYSTEM32\WS2_32.dll
[0928/145133.620:ERROR:process_reader_win.cc(233)] ReadMemory at 0x74160000 of 64 bytes failed: 仅完成部分的 ReadProcessMemory 或 WriteProcessMemory 请求。 (0x12B)
[0928/145133.620:WARNING:pe_image_reader.cc(281)] could not read dos header from C:\Windows\SYSTEM32\bcrypt.dll
[0928/145133.620:ERROR:process_reader_win.cc(233)] ReadMemory at 0x74180000 of 64 bytes failed: 仅完成部分的 ReadProcessMemory 或 WriteProcessMemory 请求。 (0x12B)
[0928/145133.620:WARNING:pe_image_reader.cc(281)] could not read dos header from C:\Windows\SYSTEM32\wkscli.dll
[0928/145133.620:ERROR:process_reader_win.cc(233)] ReadMemory at 0x740f0000 of 64 bytes failed: 仅完成部分的 ReadProcessMemory 或 WriteProcessMemory 请求。 (0x12B)
[0928/145133.620:WARNING:pe_image_reader.cc(281)] could not read dos header from C:\Windows\SYSTEM32\srvcli.dll
[0928/145133.620:ERROR:process_reader_win.cc(233)] ReadMemory at 0x74110000 of 64 bytes failed: 仅完成部分的 ReadProcessMemory 或 WriteProcessMemory 请求。 (0x12B)
[0928/145133.620:WARNING:pe_image_reader.cc(281)] could not read dos header from C:\Windows\SYSTEM32\netutils.dll
[0928/145133.620:ERROR:process_reader_win.cc(233)] ReadMemory at 0x74190000 of 64 bytes failed: 仅完成部分的 ReadProcessMemory 或 WriteProcessMemory 请求。 (0x12B)
[0928/145133.620:WARNING:pe_image_reader.cc(281)] could not read dos header from C:\Windows\SYSTEM32\NETAPI32.dll
[0928/145133.620:ERROR:process_reader_win.cc(233)] ReadMemory at 0x61a70000 of 64 bytes failed: 仅完成部分的 ReadProcessMemory 或 WriteProcessMemory 请求。 (0x12B)
[0928/145133.620:WARNING:pe_image_reader.cc(281)] could not read dos header from C:\360\360Safe\safemon\safemon.dll
[0928/145133.620:ERROR:process_reader_win.cc(233)] ReadMemory at 0x6f310000 of 64 bytes failed: 仅完成部分的 ReadProcessMemory 或 WriteProcessMemory 请求。 (0x12B)
[0928/145133.620:WARNING:pe_image_reader.cc(281)] could not read dos header from C:\360\360Safe\safemon\iNetSafe.dll
[0928/145133.620:ERROR:process_reader_win.cc(233)] ReadMemory at 0x72d50000 of 64 bytes failed: 仅完成部分的 ReadProcessMemory 或 WriteProcessMemory 请求。 (0x12B)
[0928/145133.620:WARNING:pe_image_reader.cc(281)] could not read dos header from C:\Windows\WinSxS\x86_microsoft.windows.common-controls_6595b64144ccf1df_6.0.10240.16384_none_3bccb1ff6bcd1849\COMCTL32.dll
[0928/145133.620:ERROR:process_reader_win.cc(233)] ReadMemory at 0x74550000 of 64 bytes failed: 仅完成部分的 ReadProcessMemory 或 WriteProcessMemory 请求。 (0x12B)
[0928/145133.620:WARNING:pe_image_reader.cc(281)] could not read dos header from C:\Windows\SYSTEM32\COMDLG32.dll
[0928/145133.620:ERROR:process_reader_win.cc(233)] ReadMemory at 0x72920000 of 64 bytes failed: 仅完成部分的 ReadProcessMemory 或 WriteProcessMemory 请求。 (0x12B)
[0928/145133.620:WARNING:pe_image_reader.cc(281)] could not read dos header from C:\Windows\SYSTEM32\dbghelp.dll
[0928/145133.620:ERROR:process_reader_win.cc(233)] ReadMemory at 0x727d0000 of 64 bytes failed: 仅完成部分的 ReadProcessMemory 或 WriteProcessMemory 请求。 (0x12B)
[0928/145133.620:WARNING:pe_image_reader.cc(281)] could not read dos header from C:\Windows\SYSTEM32\USP10.dll
[0928/145133.620:ERROR:process_reader_win.cc(233)] ReadMemory at 0x6fc40000 of 64 bytes failed: 仅完成部分的 ReadProcessMemory 或 WriteProcessMemory 请求。 (0x12B)
[0928/145133.620:WARNING:pe_image_reader.cc(281)] could not read dos header from C:\Windows\SYSTEM32\WINSPOOL.DRV
[0928/145133.620:ERROR:process_reader_win.cc(233)] ReadMemory at 0x74120000 of 64 bytes failed: 仅完成部分的 ReadProcessMemory 或 WriteProcessMemory 请求。 (0x12B)
[0928/145133.620:WARNING:pe_image_reader.cc(281)] could not read dos header from C:\Windows\SYSTEM32\WINNSI.DLL
[0928/145133.620:ERROR:process_reader_win.cc(233)] ReadMemory at 0x74130000 of 64 bytes failed: 仅完成部分的 ReadProcessMemory 或 WriteProcessMemory 请求。 (0x12B)
[0928/145133.620:WARNING:pe_image_reader.cc(281)] could not read dos header from C:\Windows\SYSTEM32\IPHLPAPI.DLL
[0928/145133.620:ERROR:process_reader_win.cc(233)] ReadMemory at 0x73d70000 of 64 bytes failed: 仅完成部分的 ReadProcessMemory 或 WriteProcessMemory 请求。 (0x12B)
[0928/145133.620:WARNING:pe_image_reader.cc(281)] could not read dos header from C:\Windows\SYSTEM32\Secur32.dll
[0928/145133.620:ERROR:process_reader_win.cc(233)] ReadMemory at 0x62a40000 of 64 bytes failed: 仅完成部分的 ReadProcessMemory 或 WriteProcessMemory 请求。 (0x12B)
[0928/145133.620:WARNING:pe_image_reader.cc(281)] could not read dos header from C:\Windows\SYSTEM32\DWrite.dll
[0928/145133.620:ERROR:process_reader_win.cc(233)] ReadMemory at 0x6eb70000 of 64 bytes failed: 仅完成部分的 ReadProcessMemory 或 WriteProcessMemory 请求。 (0x12B)
[0928/145133.620:WARNING:pe_image_reader.cc(281)] could not read dos header from C:\Windows\SYSTEM32\FONTSUB.dll
[0928/145133.620:ERROR:process_reader_win.cc(233)] ReadMemory at 0x74eb0000 of 64 bytes failed: 仅完成部分的 ReadProcessMemory 或 WriteProcessMemory 请求。 (0x12B)
[0928/145133.620:WARNING:pe_image_reader.cc(281)] could not read dos header from C:\Windows\SYSTEM32\MSASN1.dll
[0928/145133.620:ERROR:process_reader_win.cc(233)] ReadMemory at 0x762c0000 of 64 bytes failed: 仅完成部分的 ReadProcessMemory 或 WriteProcessMemory 请求。 (0x12B)
[0928/145133.621:WARNING:pe_image_reader.cc(281)] could not read dos header from C:\Windows\SYSTEM32\CRYPT32.dll
[0928/145133.621:ERROR:process_reader_win.cc(233)] ReadMemory at 0x76ae0000 of 64 bytes failed: 仅完成部分的 ReadProcessMemory 或 WriteProcessMemory 请求。 (0x12B)
[0928/145133.621:WARNING:pe_image_reader.cc(281)] could not read dos header from C:\Windows\SYSTEM32\WINTRUST.dll
[0928/145133.621:ERROR:process_reader_win.cc(233)] ReadMemory at 0xfd80000 of 64 bytes failed: 仅完成部分的 ReadProcessMemory 或 WriteProcessMemory 请求。 (0x12B)
[0928/145133.621:WARNING:pe_image_reader.cc(281)] could not read dos header from C:\Program Files (x86)\Google\Chrome\Application\56.0.2924.87\chrome_child.dll
[0928/145133.647:ERROR:process_reader_win.cc(233)] ReadMemory at 0x4f45000 of 45056 bytes failed: 仅完成部分的 ReadProcessMemory 或 WriteProcessMemory 请求。 (0x12B)
[0928/145133.647:ERROR:crash_report_exception_handler.cc(111)] WriteEverything failed
[0928/145133.648:ERROR:scoped_process_suspend.cc(38)] NtResumeProcess: 已尝试访问正在退出的过程。  (0xc000010a)
[0928/145832.905:ERROR:process_reader_win.cc(142)] SuspendThread: 拒绝访问。 (0x5)
[0928/145832.905:ERROR:exception_snapshot_win.cc(87)] thread ID 9612 not found in process
[0928/145832.906:WARNING:crash_report_exception_handler.cc(60)] ProcessSnapshotWin::Initialize failed
